This file contains any messages produced by compilers while
running configure, to aid debugging if configure makes a mistake.

It was created by pam_hbac configure 1.2, which was
generated by GNU Autoconf 2.71.  Invocation command line was

  $ ./configure --sysconfdir=/etc/security/ldap --with-pammoddir=/usr/lib/security --disable-man-pages

## --------- ##
## Platform. ##
## --------- ##

hostname = aix734p423.ceti.etat-ge.ch
uname -m = 00FC000F4B00
uname -r = 3
uname -s = AIX
uname -v = 7

/usr/bin/uname -p = powerpc
/bin/uname -X     = unknown

/bin/arch              = unknown
/usr/bin/arch -k       = unknown
/usr/convex/getsysinfo = unknown
/usr/bin/hostinfo      = unknown
/bin/machine           = unknown
/usr/bin/oslevel       = 7.3.0.0
/bin/universe          = unknown

PATH: /opt/IBM/openxlC/17.1.2/bin/
PATH: /opt/IBM/openxlC/17.1.1/bin/
PATH: /opt/IBM/openxlC/17.1.1/bin/
PATH: /usr/bin/
PATH: /etc/
PATH: /usr/sbin/
PATH: /usr/ucb/
PATH: /home/beef/bin/
PATH: /usr/bin/X11/
PATH: /sbin/
PATH: ./
PATH: /opt/freeware/bin/
PATH: /opt/freeware/bin/


## ----------- ##
## Core tests. ##
## ----------- ##

configure:2537: looking for aux files: ltmain.sh ar-lib compile missing install-sh config.guess config.sub
configure:2550:  trying ./build/
configure:2579:   ./build/ltmain.sh found
configure:2579:   ./build/ar-lib found
configure:2579:   ./build/compile found
configure:2579:   ./build/missing found
configure:2561:   ./build/install-sh found
configure:2579:   ./build/config.guess found
configure:2579:   ./build/config.sub found
configure:2699: checking build system type
configure:2714: result: powerpc-ibm-aix7.3.3.0
configure:2734: checking host system type
configure:2748: result: powerpc-ibm-aix7.3.3.0
configure:2768: checking target system type
configure:2782: result: powerpc-ibm-aix7.3.3.0
configure:2826: checking for a BSD-compatible install
configure:2899: result: /opt/freeware/bin/install -c
configure:2910: checking whether build environment is sane
configure:2965: result: yes
configure:3124: checking for a race-free mkdir -p
configure:3168: result: /opt/freeware/bin/mkdir -p
configure:3175: checking for gawk
configure:3210: result: no
configure:3175: checking for mawk
configure:3210: result: no
configure:3175: checking for nawk
configure:3196: found /usr/bin/nawk
configure:3207: result: nawk
configure:3218: checking whether make sets $(MAKE)
configure:3241: result: yes
configure:3271: checking whether make supports nested variables
configure:3289: result: yes
configure:3438: checking whether make supports the include directive
configure:3453: make -f confmf.GNU && cat confinc.out
this is the am__doit target
configure:3456: $? = 0
configure:3475: result: yes (GNU style)
configure:3551: checking for gcc
configure:3583: result: ibm-clang
configure:3936: checking for C compiler version
configure:3945: ibm-clang --version >&5
IBM Open XL C/C++ for AIX 17.1.1 (5725-C72, 5765-J18), version 17.1.1.2, clang version 15.0.0 (build 3948f09)
Target: powerpc-ibm-aix7.3.0.0
Thread model: posix
InstalledDir: /opt/IBM/openxlC/17.1.1/bin
configure:3956: $? = 0
configure:3945: ibm-clang -v >&5
IBM Open XL C/C++ for AIX 17.1.1 (5725-C72, 5765-J18), version 17.1.1.2, clang version 15.0.0 (build 3948f09)
Target: powerpc-ibm-aix7.3.0.0
Thread model: posix
InstalledDir: /opt/IBM/openxlC/17.1.1/bin
configure:3956: $? = 0
configure:3945: ibm-clang -V >&5
.ibm-clang: error: argument to '-V' is missing (expected 1 value)
.ibm-clang: error: no input files
configure:3956: $? = 1
configure:3945: ibm-clang -qversion >&5
.ibm-clang: error: unknown argument '-qversion'; did you mean '--version'?
.ibm-clang: error: no input files
configure:3956: $? = 1
configure:3945: ibm-clang -version >&5
.ibm-clang: error: unknown argument '-version'; did you mean '--version'?
.ibm-clang: error: no input files
configure:3956: $? = 1
configure:3976: checking whether the C compiler works
configure:3998: ibm-clang -DSYSV -D_AIX73 -D_ALL_SOURCE -DFUNCPROTO=15 -Wno-error=int-conversion -O2 -I/opt/freeware/include  -target powerpc-ibm-aix7.3.0.0  -L/usr/lib -L/opt/freeware/lib conftest.c -lpthread >&5
configure:4002: $? = 0
configure:4052: result: yes
configure:4055: checking for C compiler default output file name
configure:4057: result: a.out
configure:4063: checking for suffix of executables
configure:4070: ibm-clang -o conftest -DSYSV -D_AIX73 -D_ALL_SOURCE -DFUNCPROTO=15 -Wno-error=int-conversion -O2 -I/opt/freeware/include  -target powerpc-ibm-aix7.3.0.0  -L/usr/lib -L/opt/freeware/lib conftest.c -lpthread >&5
configure:4074: $? = 0
configure:4097: result: 
configure:4119: checking whether we are cross compiling
configure:4127: ibm-clang -o conftest -DSYSV -D_AIX73 -D_ALL_SOURCE -DFUNCPROTO=15 -Wno-error=int-conversion -O2 -I/opt/freeware/include  -target powerpc-ibm-aix7.3.0.0  -L/usr/lib -L/opt/freeware/lib conftest.c -lpthread >&5
configure:4131: $? = 0
configure:4138: ./conftest
configure:4142: $? = 0
configure:4157: result: no
configure:4162: checking for suffix of object files
configure:4185: ibm-clang -c -DSYSV -D_AIX73 -D_ALL_SOURCE -DFUNCPROTO=15 -Wno-error=int-conversion -O2 -I/opt/freeware/include  -target powerpc-ibm-aix7.3.0.0  conftest.c >&5
configure:4189: $? = 0
configure:4211: result: o
configure:4215: checking whether the compiler supports GNU C
configure:4235: ibm-clang -c -DSYSV -D_AIX73 -D_ALL_SOURCE -DFUNCPROTO=15 -Wno-error=int-conversion -O2 -I/opt/freeware/include  -target powerpc-ibm-aix7.3.0.0  conftest.c >&5
configure:4235: $? = 0
configure:4245: result: yes
configure:4256: checking whether ibm-clang accepts -g
configure:4277: ibm-clang -c -g  conftest.c >&5
configure:4277: $? = 0
configure:4321: result: yes
configure:4341: checking for ibm-clang option to enable C11 features
configure:4356: ibm-clang  -c -DSYSV -D_AIX73 -D_ALL_SOURCE -DFUNCPROTO=15 -Wno-error=int-conversion -O2 -I/opt/freeware/include  -target powerpc-ibm-aix7.3.0.0  conftest.c >&5
conftest.c:25:14: warning: a function definition without a prototype is deprecated in all versions of C and is not supported in C2x [-Wdeprecated-non-prototype]
static char *e (p, i)
             ^
1 warning generated.
configure:4356: $? = 0
configure:4374: result: none needed
configure:4490: checking whether ibm-clang understands -c and -o together
configure:4513: ibm-clang -c conftest.c -o conftest2.o
configure:4516: $? = 0
configure:4513: ibm-clang -c conftest.c -o conftest2.o
configure:4516: $? = 0
configure:4528: result: yes
configure:4547: checking dependency style of ibm-clang
configure:4659: result: gcc3
configure:4679: checking for stdio.h
configure:4679: ibm-clang -c -DSYSV -D_AIX73 -D_ALL_SOURCE -DFUNCPROTO=15 -Wno-error=int-conversion -O2 -I/opt/freeware/include  -target powerpc-ibm-aix7.3.0.0  conftest.c >&5
configure:4679: $? = 0
configure:4679: result: yes
configure:4679: checking for stdlib.h
configure:4679: ibm-clang -c -DSYSV -D_AIX73 -D_ALL_SOURCE -DFUNCPROTO=15 -Wno-error=int-conversion -O2 -I/opt/freeware/include  -target powerpc-ibm-aix7.3.0.0  conftest.c >&5
configure:4679: $? = 0
configure:4679: result: yes
configure:4679: checking for string.h
configure:4679: ibm-clang -c -DSYSV -D_AIX73 -D_ALL_SOURCE -DFUNCPROTO=15 -Wno-error=int-conversion -O2 -I/opt/freeware/include  -target powerpc-ibm-aix7.3.0.0  conftest.c >&5
configure:4679: $? = 0
configure:4679: result: yes
configure:4679: checking for inttypes.h
configure:4679: ibm-clang -c -DSYSV -D_AIX73 -D_ALL_SOURCE -DFUNCPROTO=15 -Wno-error=int-conversion -O2 -I/opt/freeware/include  -target powerpc-ibm-aix7.3.0.0  conftest.c >&5
configure:4679: $? = 0
configure:4679: result: yes
configure:4679: checking for stdint.h
configure:4679: ibm-clang -c -DSYSV -D_AIX73 -D_ALL_SOURCE -DFUNCPROTO=15 -Wno-error=int-conversion -O2 -I/opt/freeware/include  -target powerpc-ibm-aix7.3.0.0  conftest.c >&5
configure:4679: $? = 0
configure:4679: result: yes
configure:4679: checking for strings.h
configure:4679: ibm-clang -c -DSYSV -D_AIX73 -D_ALL_SOURCE -DFUNCPROTO=15 -Wno-error=int-conversion -O2 -I/opt/freeware/include  -target powerpc-ibm-aix7.3.0.0  conftest.c >&5
configure:4679: $? = 0
configure:4679: result: yes
configure:4679: checking for sys/stat.h
configure:4679: ibm-clang -c -DSYSV -D_AIX73 -D_ALL_SOURCE -DFUNCPROTO=15 -Wno-error=int-conversion -O2 -I/opt/freeware/include  -target powerpc-ibm-aix7.3.0.0  conftest.c >&5
configure:4679: $? = 0
configure:4679: result: yes
configure:4679: checking for sys/types.h
configure:4679: ibm-clang -c -DSYSV -D_AIX73 -D_ALL_SOURCE -DFUNCPROTO=15 -Wno-error=int-conversion -O2 -I/opt/freeware/include  -target powerpc-ibm-aix7.3.0.0  conftest.c >&5
configure:4679: $? = 0
configure:4679: result: yes
configure:4679: checking for unistd.h
configure:4679: ibm-clang -c -DSYSV -D_AIX73 -D_ALL_SOURCE -DFUNCPROTO=15 -Wno-error=int-conversion -O2 -I/opt/freeware/include  -target powerpc-ibm-aix7.3.0.0  conftest.c >&5
configure:4679: $? = 0
configure:4679: result: yes
configure:4679: checking for wchar.h
configure:4679: ibm-clang -c -DSYSV -D_AIX73 -D_ALL_SOURCE -DFUNCPROTO=15 -Wno-error=int-conversion -O2 -I/opt/freeware/include  -target powerpc-ibm-aix7.3.0.0  conftest.c >&5
configure:4679: $? = 0
configure:4679: result: yes
configure:4679: checking for minix/config.h
configure:4679: ibm-clang -c -DSYSV -D_AIX73 -D_ALL_SOURCE -DFUNCPROTO=15 -Wno-error=int-conversion -O2 -I/opt/freeware/include  -target powerpc-ibm-aix7.3.0.0  conftest.c >&5
conftest.c:49:10: fatal error: 'minix/config.h' file not found
#include <minix/config.h>
         ^~~~~~~~~~~~~~~~
1 error generated.
configure:4679: $? = 1
configure: failed program was:
| /* confdefs.h */
| #define PACKAGE_NAME "pam_hbac"
| #define PACKAGE_TARNAME "pam_hbac"
| #define PACKAGE_VERSION "1.2"
| #define PACKAGE_STRING "pam_hbac 1.2"
| #define PACKAGE_BUGREPORT "jakub.hrozek@posteo.se"
| #define PACKAGE_URL ""
| #define PACKAGE "pam_hbac"
| #define VERSION "1.2"
| #define HAVE_STDIO_H 1
| #define HAVE_STDLIB_H 1
| #define HAVE_STRING_H 1
| #define HAVE_INTTYPES_H 1
| #define HAVE_STDINT_H 1
| #define HAVE_STRINGS_H 1
| #define HAVE_SYS_STAT_H 1
| #define HAVE_SYS_TYPES_H 1
| #define HAVE_UNISTD_H 1
| #define HAVE_WCHAR_H 1
| /* end confdefs.h.  */
| #include <stddef.h>
| #ifdef HAVE_STDIO_H
| # include <stdio.h>
| #endif
| #ifdef HAVE_STDLIB_H
| # include <stdlib.h>
| #endif
| #ifdef HAVE_STRING_H
| # include <string.h>
| #endif
| #ifdef HAVE_INTTYPES_H
| # include <inttypes.h>
| #endif
| #ifdef HAVE_STDINT_H
| # include <stdint.h>
| #endif
| #ifdef HAVE_STRINGS_H
| # include <strings.h>
| #endif
| #ifdef HAVE_SYS_TYPES_H
| # include <sys/types.h>
| #endif
| #ifdef HAVE_SYS_STAT_H
| # include <sys/stat.h>
| #endif
| #ifdef HAVE_UNISTD_H
| # include <unistd.h>
| #endif
| #include <minix/config.h>
configure:4679: result: no
configure:4710: checking whether it is safe to define __EXTENSIONS__
configure:4729: ibm-clang -c -DSYSV -D_AIX73 -D_ALL_SOURCE -DFUNCPROTO=15 -Wno-error=int-conversion -O2 -I/opt/freeware/include  -target powerpc-ibm-aix7.3.0.0  conftest.c >&5
configure:4729: $? = 0
configure:4737: result: yes
configure:4740: checking whether _XOPEN_SOURCE should be defined
configure:4762: ibm-clang -c -DSYSV -D_AIX73 -D_ALL_SOURCE -DFUNCPROTO=15 -Wno-error=int-conversion -O2 -I/opt/freeware/include  -target powerpc-ibm-aix7.3.0.0  conftest.c >&5
configure:4762: $? = 0
configure:4789: result: no
configure:4901: checking for ar
configure:4922: found /usr/bin/ar
configure:4933: result: ar
configure:4959: checking the archiver (ar) interface
configure:4976: ibm-clang -c -DSYSV -D_AIX73 -D_ALL_SOURCE -DFUNCPROTO=15 -Wno-error=int-conversion -O2 -I/opt/freeware/include  -target powerpc-ibm-aix7.3.0.0  conftest.c >&5
configure:4976: $? = 0
configure:4979: ar cru libconftest.a conftest.o >&5
configure:4982: $? = 0
configure:5010: result: ar
configure:5111: checking how to print strings
configure:5140: result: print -r
configure:5159: checking for a sed that does not truncate output
configure:5229: result: /opt/freeware/bin/sed
configure:5247: checking for grep that handles long lines and -e
configure:5311: result: /opt/freeware/bin/grep
configure:5316: checking for egrep
configure:5384: result: /opt/freeware/bin/grep -E
configure:5389: checking for fgrep
configure:5457: result: /opt/freeware/bin/grep -F
configure:5493: checking for ld used by ibm-clang
configure:5561: result: /usr/bin/ld
configure:5568: checking if the linker (/usr/bin/ld) is GNU ld
configure:5584: result: no
configure:5596: checking for BSD- or MS-compatible name lister (nm)
configure:5651: result: /usr/bin/nm -B
configure:5791: checking the name lister (/usr/bin/nm -B) interface
configure:5799: ibm-clang -c -DSYSV -D_AIX73 -D_ALL_SOURCE -DFUNCPROTO=15 -Wno-error=int-conversion -O2 -I/opt/freeware/include  -target powerpc-ibm-aix7.3.0.0  conftest.c >&5
configure:5802: /usr/bin/nm -B "conftest.o"
configure:5805: output
         0 D some_variable
configure:5812: result: BSD nm
configure:5815: checking whether ln -s works
configure:5819: result: yes
configure:5827: checking the maximum length of command line arguments
configure:5959: result: 786432
configure:6007: checking how to convert powerpc-ibm-aix7.3.3.0 file names to powerpc-ibm-aix7.3.3.0 format
configure:6048: result: func_convert_file_noop
configure:6055: checking how to convert powerpc-ibm-aix7.3.3.0 file names to toolchain format
configure:6076: result: func_convert_file_noop
configure:6083: checking for /usr/bin/ld option to reload object files
configure:6091: result: -r
configure:6170: checking for file
configure:6191: found /usr/bin/file
configure:6202: result: file
configure:6278: checking for objdump
configure:6313: result: no
configure:6342: checking how to recognize dependent libraries
configure:6543: result: pass_all
configure:6633: checking for dlltool
configure:6668: result: no
configure:6698: checking how to associate runtime and link libraries
configure:6726: result: print -r --
configure:6876: checking for archiver @FILE support
configure:6894: ibm-clang -c -DSYSV -D_AIX73 -D_ALL_SOURCE -DFUNCPROTO=15 -Wno-error=int-conversion -O2 -I/opt/freeware/include  -target powerpc-ibm-aix7.3.0.0  conftest.c >&5
configure:6894: $? = 0
configure:6898: ar cr libconftest.a @conftest.lst >&5
ar: No such file or directory
ar: 0707-117 The fopen system call failed on file @conftest.lst.
configure:6901: $? = 1
configure:6921: result: no
configure:6984: checking for strip
configure:7005: found /usr/bin/strip
configure:7016: result: strip
configure:7093: checking for ranlib
configure:7114: found /usr/bin/ranlib
configure:7125: result: ranlib
configure:7227: checking command to parse /usr/bin/nm -B output from ibm-clang object
configure:7381: ibm-clang -c -DSYSV -D_AIX73 -D_ALL_SOURCE -DFUNCPROTO=15 -Wno-error=int-conversion -O2 -I/opt/freeware/include  -target powerpc-ibm-aix7.3.0.0  conftest.c >&5
configure:7384: $? = 0
configure:7388: /usr/bin/nm -B conftest.o \| /opt/freeware/bin/sed -n -e 's/^.*[ ]\([BCDT][BCDT]*\)[ ][ ]*\([_A-Za-z][_A-Za-z0-9]*\)$/\1 \2 \2/p' | /opt/freeware/bin/sed '/ __gnu_lto/d' \> conftest.nm
configure:7391: $? = 0
configure:7457: ibm-clang -o conftest -DSYSV -D_AIX73 -D_ALL_SOURCE -DFUNCPROTO=15 -Wno-error=int-conversion -O2 -I/opt/freeware/include  -target powerpc-ibm-aix7.3.0.0  -L/usr/lib -L/opt/freeware/lib conftest.c conftstm.o >&5
configure:7460: $? = 0
configure:7498: result: ok
configure:7545: checking for sysroot
configure:7576: result: no
configure:7583: checking for a working dd
configure:7627: result: /usr/bin/dd
configure:7631: checking how to truncate binary pipes
configure:7647: result: /usr/bin/dd bs=4096 count=1
configure:7984: checking for mt
configure:8005: found /usr/bin/mt
configure:8016: result: mt
configure:8039: checking if mt is a manifest tool
configure:8046: mt '-?'
Usage:  mt [ -f device ] subcommand [ count ]
	Valid subcommands are:
	weof
	eof
	fsf
	bsf
	fsr
	bsr
	rewind
	offline
	rewoffl
	status
configure:8054: result: no
configure:8775: checking for dlfcn.h
configure:8775: ibm-clang -c -DSYSV -D_AIX73 -D_ALL_SOURCE -DFUNCPROTO=15 -Wno-error=int-conversion -O2 -I/opt/freeware/include  -target powerpc-ibm-aix7.3.0.0  conftest.c >&5
configure:8775: $? = 0
configure:8775: result: yes
configure:8895: checking which variant of shared library versioning to provide
configure:8920: result: aix
configure:9003: checking for objdir
configure:9019: result: .libs
configure:9283: checking if ibm-clang supports -fno-rtti -fno-exceptions
configure:9302: ibm-clang -c -DSYSV -D_AIX73 -D_ALL_SOURCE -DFUNCPROTO=15 -Wno-error=int-conversion -O2 -I/opt/freeware/include  -target powerpc-ibm-aix7.3.0.0  -fno-rtti -fno-exceptions conftest.c >&5
configure:9306: $? = 0
configure:9319: result: yes
configure:9677: checking for ibm-clang option to produce PIC
configure:9685: result: -fPIC -DPIC
configure:9693: checking if ibm-clang PIC flag -fPIC -DPIC works
configure:9712: ibm-clang -c -DSYSV -D_AIX73 -D_ALL_SOURCE -DFUNCPROTO=15 -Wno-error=int-conversion -O2 -I/opt/freeware/include  -target powerpc-ibm-aix7.3.0.0  -fPIC -DPIC -DPIC conftest.c >&5
configure:9716: $? = 0
configure:9729: result: yes
configure:9758: checking if ibm-clang static flag -static works
configure:9787: result: no
configure:9802: checking if ibm-clang supports -c -o file.o
configure:9824: ibm-clang -c -DSYSV -D_AIX73 -D_ALL_SOURCE -DFUNCPROTO=15 -Wno-error=int-conversion -O2 -I/opt/freeware/include  -target powerpc-ibm-aix7.3.0.0  -o out/conftest2.o conftest.c >&5
configure:9828: $? = 0
configure:9850: result: yes
configure:9858: checking if ibm-clang supports -c -o file.o
configure:9906: result: yes
configure:9939: checking whether the ibm-clang linker (/usr/bin/ld) supports shared libraries
configure:10566: ibm-clang -o conftest -DSYSV -D_AIX73 -D_ALL_SOURCE -DFUNCPROTO=15 -Wno-error=int-conversion -O2 -I/opt/freeware/include  -target powerpc-ibm-aix7.3.0.0  -L/usr/lib -L/opt/freeware/lib conftest.c -lpthread >&5
configure:10566: $? = 0
configure:11207: result: yes
configure:11448: checking dynamic linker characteristics
configure:12269: result: AIX lib.a(lib.so.V)
configure:12391: checking how to hardcode library paths into programs
configure:12416: result: immediate
configure:12968: checking whether stripping libraries is possible
configure:13000: result: no
configure:13019: checking if libtool supports shared libraries
configure:13021: result: yes
configure:13024: checking whether to build shared libraries
configure:13049: result: yes
configure:13052: checking whether to build static libraries
configure:13056: result: no
configure:13107: checking whether make supports nested variables
configure:13125: result: yes
configure:13155: checking for _Bool
configure:13155: ibm-clang -c -DSYSV -D_AIX73 -D_ALL_SOURCE -DFUNCPROTO=15 -Wno-error=int-conversion -O2 -I/opt/freeware/include  -target powerpc-ibm-aix7.3.0.0  conftest.c >&5
configure:13155: $? = 0
configure:13155: ibm-clang -c -DSYSV -D_AIX73 -D_ALL_SOURCE -DFUNCPROTO=15 -Wno-error=int-conversion -O2 -I/opt/freeware/include  -target powerpc-ibm-aix7.3.0.0  conftest.c >&5
conftest.c:71:20: error: expected expression
if (sizeof ((_Bool)))
                   ^
1 error generated.
configure:13155: $? = 1
configure: failed program was:
| /* confdefs.h */
| #define PACKAGE_NAME "pam_hbac"
| #define PACKAGE_TARNAME "pam_hbac"
| #define PACKAGE_VERSION "1.2"
| #define PACKAGE_STRING "pam_hbac 1.2"
| #define PACKAGE_BUGREPORT "jakub.hrozek@posteo.se"
| #define PACKAGE_URL ""
| #define PACKAGE "pam_hbac"
| #define VERSION "1.2"
| #define HAVE_STDIO_H 1
| #define HAVE_STDLIB_H 1
| #define HAVE_STRING_H 1
| #define HAVE_INTTYPES_H 1
| #define HAVE_STDINT_H 1
| #define HAVE_STRINGS_H 1
| #define HAVE_SYS_STAT_H 1
| #define HAVE_SYS_TYPES_H 1
| #define HAVE_UNISTD_H 1
| #define HAVE_WCHAR_H 1
| #define STDC_HEADERS 1
| #define _ALL_SOURCE 1
| #define _DARWIN_C_SOURCE 1
| #define _GNU_SOURCE 1
| #define _HPUX_ALT_XOPEN_SOCKET_API 1
| #define _NETBSD_SOURCE 1
| #define _OPENBSD_SOURCE 1
| #define _POSIX_PTHREAD_SEMANTICS 1
| #define __STDC_WANT_IEC_60559_ATTRIBS_EXT__ 1
| #define __STDC_WANT_IEC_60559_BFP_EXT__ 1
| #define __STDC_WANT_IEC_60559_DFP_EXT__ 1
| #define __STDC_WANT_IEC_60559_FUNCS_EXT__ 1
| #define __STDC_WANT_IEC_60559_TYPES_EXT__ 1
| #define __STDC_WANT_LIB_EXT2__ 1
| #define __STDC_WANT_MATH_SPEC_FUNCS__ 1
| #define _TANDEM_SOURCE 1
| #define __EXTENSIONS__ 1
| #define HAVE_DLFCN_H 1
| #define LT_OBJDIR ".libs/"
| /* end confdefs.h.  */
| #include <stddef.h>
| #ifdef HAVE_STDIO_H
| # include <stdio.h>
| #endif
| #ifdef HAVE_STDLIB_H
| # include <stdlib.h>
| #endif
| #ifdef HAVE_STRING_H
| # include <string.h>
| #endif
| #ifdef HAVE_INTTYPES_H
| # include <inttypes.h>
| #endif
| #ifdef HAVE_STDINT_H
| # include <stdint.h>
| #endif
| #ifdef HAVE_STRINGS_H
| # include <strings.h>
| #endif
| #ifdef HAVE_SYS_TYPES_H
| # include <sys/types.h>
| #endif
| #ifdef HAVE_SYS_STAT_H
| # include <sys/stat.h>
| #endif
| #ifdef HAVE_UNISTD_H
| # include <unistd.h>
| #endif
| int
| main (void)
| {
| if (sizeof ((_Bool)))
| 	    return 0;
|   ;
|   return 0;
| }
configure:13155: result: yes
configure:13164: checking for stdbool.h that conforms to C99
configure:13280: ibm-clang -c -DSYSV -D_AIX73 -D_ALL_SOURCE -DFUNCPROTO=15 -Wno-error=int-conversion -O2 -I/opt/freeware/include  -target powerpc-ibm-aix7.3.0.0  conftest.c >&5
conftest.c:126:25: warning: address of 's' will always evaluate to 'true' [-Wpointer-bool-conversion]
             bool ps = &s;
                  ~~    ^
conftest.c:131:28: warning: address of 't' will always evaluate to 'true' [-Wpointer-bool-conversion]
               _Bool pt = &t;
                     ~~    ^
conftest.c:141:55: warning: address of array 'y' will always evaluate to 'true' [-Wpointer-bool-conversion]
                                                     ~^
conftest.c:141:50: warning: address of array 'x' will always evaluate to 'true' [-Wpointer-bool-conversion]
                                                ~^
conftest.c:141:45: warning: address of array 'w' will always evaluate to 'true' [-Wpointer-bool-conversion]
                                           ~^
conftest.c:141:40: warning: address of array 'v' will always evaluate to 'true' [-Wpointer-bool-conversion]
                                      ~^
conftest.c:141:35: warning: address of array 'u' will always evaluate to 'true' [-Wpointer-bool-conversion]
                                 ~^
conftest.c:141:30: warning: address of array 'r' will always evaluate to 'true' [-Wpointer-bool-conversion]
                            ~^
conftest.c:141:25: warning: address of array 'q' will always evaluate to 'true' [-Wpointer-bool-conversion]
                       ~^
conftest.c:139:40: warning: address of array 'o' will always evaluate to 'true' [-Wpointer-bool-conversion]
                                      ~^
conftest.c:139:35: warning: address of array 'n' will always evaluate to 'true' [-Wpointer-bool-conversion]
                                 ~^
conftest.c:139:30: warning: address of array 'm' will always evaluate to 'true' [-Wpointer-bool-conversion]
                            ~^
conftest.c:139:25: warning: address of array 'l' will always evaluate to 'true' [-Wpointer-bool-conversion]
                       ~^
conftest.c:138:73: warning: address of array 'k' will always evaluate to 'true' [-Wpointer-bool-conversion]
             return (!a + !b + !c + !d + !e + !f + !g + !h + !i + !j + !k
                                                                       ~^
conftest.c:138:68: warning: address of array 'j' will always evaluate to 'true' [-Wpointer-bool-conversion]
             return (!a + !b + !c + !d + !e + !f + !g + !h + !i + !j + !k
                                                                  ~^
conftest.c:138:63: warning: address of array 'i' will always evaluate to 'true' [-Wpointer-bool-conversion]
             return (!a + !b + !c + !d + !e + !f + !g + !h + !i + !j + !k
                                                             ~^
conftest.c:138:38: warning: address of array 'd' will always evaluate to 'true' [-Wpointer-bool-conversion]
             return (!a + !b + !c + !d + !e + !f + !g + !h + !i + !j + !k
                                    ~^
conftest.c:138:33: warning: address of array 'c' will always evaluate to 'true' [-Wpointer-bool-conversion]
             return (!a + !b + !c + !d + !e + !f + !g + !h + !i + !j + !k
                               ~^
conftest.c:138:28: warning: address of array 'b' will always evaluate to 'true' [-Wpointer-bool-conversion]
             return (!a + !b + !c + !d + !e + !f + !g + !h + !i + !j + !k
                          ~^
conftest.c:138:23: warning: address of array 'a' will always evaluate to 'true' [-Wpointer-bool-conversion]
             return (!a + !b + !c + !d + !e + !f + !g + !h + !i + !j + !k
                     ~^
20 warnings generated.
configure:13280: $? = 0
configure:13288: result: yes
configure:13297: checking for ssize_t
configure:13297: ibm-clang -c -DSYSV -D_AIX73 -D_ALL_SOURCE -DFUNCPROTO=15 -Wno-error=int-conversion -O2 -I/opt/freeware/include  -target powerpc-ibm-aix7.3.0.0  conftest.c >&5
configure:13297: $? = 0
configure:13297: ibm-clang -c -DSYSV -D_AIX73 -D_ALL_SOURCE -DFUNCPROTO=15 -Wno-error=int-conversion -O2 -I/opt/freeware/include  -target powerpc-ibm-aix7.3.0.0  conftest.c >&5
conftest.c:47:22: error: expected expression
if (sizeof ((ssize_t)))
                     ^
1 error generated.
configure:13297: $? = 1
configure: failed program was:
| /* confdefs.h */
| #define PACKAGE_NAME "pam_hbac"
| #define PACKAGE_TARNAME "pam_hbac"
| #define PACKAGE_VERSION "1.2"
| #define PACKAGE_STRING "pam_hbac 1.2"
| #define PACKAGE_BUGREPORT "jakub.hrozek@posteo.se"
| #define PACKAGE_URL ""
| #define PACKAGE "pam_hbac"
| #define VERSION "1.2"
| #define HAVE_STDIO_H 1
| #define HAVE_STDLIB_H 1
| #define HAVE_STRING_H 1
| #define HAVE_INTTYPES_H 1
| #define HAVE_STDINT_H 1
| #define HAVE_STRINGS_H 1
| #define HAVE_SYS_STAT_H 1
| #define HAVE_SYS_TYPES_H 1
| #define HAVE_UNISTD_H 1
| #define HAVE_WCHAR_H 1
| #define STDC_HEADERS 1
| #define _ALL_SOURCE 1
| #define _DARWIN_C_SOURCE 1
| #define _GNU_SOURCE 1
| #define _HPUX_ALT_XOPEN_SOCKET_API 1
| #define _NETBSD_SOURCE 1
| #define _OPENBSD_SOURCE 1
| #define _POSIX_PTHREAD_SEMANTICS 1
| #define __STDC_WANT_IEC_60559_ATTRIBS_EXT__ 1
| #define __STDC_WANT_IEC_60559_BFP_EXT__ 1
| #define __STDC_WANT_IEC_60559_DFP_EXT__ 1
| #define __STDC_WANT_IEC_60559_FUNCS_EXT__ 1
| #define __STDC_WANT_IEC_60559_TYPES_EXT__ 1
| #define __STDC_WANT_LIB_EXT2__ 1
| #define __STDC_WANT_MATH_SPEC_FUNCS__ 1
| #define _TANDEM_SOURCE 1
| #define __EXTENSIONS__ 1
| #define HAVE_DLFCN_H 1
| #define LT_OBJDIR ".libs/"
| #define HAVE__BOOL 1
| #define HAVE_STDBOOL_H 1
| /* end confdefs.h.  */
| #include <sys/types.h>
| 
| int
| main (void)
| {
| if (sizeof ((ssize_t)))
| 	    return 0;
|   ;
|   return 0;
| }
configure:13297: result: yes
configure:13308: checking for unsigned long long int
configure:13350: ibm-clang -o conftest -DSYSV -D_AIX73 -D_ALL_SOURCE -DFUNCPROTO=15 -Wno-error=int-conversion -O2 -I/opt/freeware/include  -target powerpc-ibm-aix7.3.0.0  -L/usr/lib -L/opt/freeware/lib conftest.c -lpthread >&5
configure:13350: $? = 0
configure:13360: result: yes
configure:13370: checking for long long int
configure:13412: ibm-clang -o conftest -DSYSV -D_AIX73 -D_ALL_SOURCE -DFUNCPROTO=15 -Wno-error=int-conversion -O2 -I/opt/freeware/include  -target powerpc-ibm-aix7.3.0.0  -L/usr/lib -L/opt/freeware/lib conftest.c -lpthread >&5
configure:13412: $? = 0
configure:13412: ./conftest
configure:13412: $? = 0
configure:13425: result: yes
configure:13437: checking for asprintf
configure:13437: ibm-clang -o conftest -DSYSV -D_AIX73 -D_ALL_SOURCE -DFUNCPROTO=15 -Wno-error=int-conversion -O2 -I/opt/freeware/include  -target powerpc-ibm-aix7.3.0.0  -L/usr/lib -L/opt/freeware/lib conftest.c -lpthread >&5
conftest.c:72:18: warning: format string missing [-Wformat]
return asprintf ();
       ~~~~~~~~  ^
1 warning generated.
ld: 0711-317 ERROR: Undefined symbol: .asprintf
ld: 0711-345 Use the -bloadmap or -bnoquiet option to obtain more information.
.ibm-clang: error: linker command failed with exit code 8 (use -v to see invocation)
configure:13437: $? = 8
configure: failed program was:
| /* confdefs.h */
| #define PACKAGE_NAME "pam_hbac"
| #define PACKAGE_TARNAME "pam_hbac"
| #define PACKAGE_VERSION "1.2"
| #define PACKAGE_STRING "pam_hbac 1.2"
| #define PACKAGE_BUGREPORT "jakub.hrozek@posteo.se"
| #define PACKAGE_URL ""
| #define PACKAGE "pam_hbac"
| #define VERSION "1.2"
| #define HAVE_STDIO_H 1
| #define HAVE_STDLIB_H 1
| #define HAVE_STRING_H 1
| #define HAVE_INTTYPES_H 1
| #define HAVE_STDINT_H 1
| #define HAVE_STRINGS_H 1
| #define HAVE_SYS_STAT_H 1
| #define HAVE_SYS_TYPES_H 1
| #define HAVE_UNISTD_H 1
| #define HAVE_WCHAR_H 1
| #define STDC_HEADERS 1
| #define _ALL_SOURCE 1
| #define _DARWIN_C_SOURCE 1
| #define _GNU_SOURCE 1
| #define _HPUX_ALT_XOPEN_SOCKET_API 1
| #define _NETBSD_SOURCE 1
| #define _OPENBSD_SOURCE 1
| #define _POSIX_PTHREAD_SEMANTICS 1
| #define __STDC_WANT_IEC_60559_ATTRIBS_EXT__ 1
| #define __STDC_WANT_IEC_60559_BFP_EXT__ 1
| #define __STDC_WANT_IEC_60559_DFP_EXT__ 1
| #define __STDC_WANT_IEC_60559_FUNCS_EXT__ 1
| #define __STDC_WANT_IEC_60559_TYPES_EXT__ 1
| #define __STDC_WANT_LIB_EXT2__ 1
| #define __STDC_WANT_MATH_SPEC_FUNCS__ 1
| #define _TANDEM_SOURCE 1
| #define __EXTENSIONS__ 1
| #define HAVE_DLFCN_H 1
| #define LT_OBJDIR ".libs/"
| #define HAVE__BOOL 1
| #define HAVE_STDBOOL_H 1
| #define HAVE_SSIZE_T 1
| #define HAVE_UNSIGNED_LONG_LONG_INT 1
| #define HAVE_LONG_LONG_INT 1
| /* end confdefs.h.  */
| /* Define asprintf to an innocuous variant, in case <limits.h> declares asprintf.
|    For example, HP-UX 11i <limits.h> declares gettimeofday.  */
| #define asprintf innocuous_asprintf
| 
| /* System header to define __stub macros and hopefully few prototypes,
|    which can conflict with char asprintf (); below.  */
| 
| #include <limits.h>
| #undef asprintf
| 
| /* Override any GCC internal prototype to avoid an error.
|    Use char because int might match the return type of a GCC
|    builtin and then its argument prototype would still apply.  */
| #ifdef __cplusplus
| extern "C"
| #endif
| char asprintf ();
| /* The GNU C library defines this for functions which it implements
|     to always fail with ENOSYS.  Some functions are actually named
|     something starting with __ and the normal name is an alias.  */
| #if defined __stub_asprintf || defined __stub___asprintf
| choke me
| #endif
| 
| int
| main (void)
| {
| return asprintf ();
|   ;
|   return 0;
| }
configure:13437: result: no
configure:13437: checking for vasprintf
configure:13437: ibm-clang -o conftest -DSYSV -D_AIX73 -D_ALL_SOURCE -DFUNCPROTO=15 -Wno-error=int-conversion -O2 -I/opt/freeware/include  -target powerpc-ibm-aix7.3.0.0  -L/usr/lib -L/opt/freeware/lib conftest.c -lpthread >&5
conftest.c:72:19: warning: format string missing [-Wformat]
return vasprintf ();
       ~~~~~~~~~  ^
1 warning generated.
ld: 0711-317 ERROR: Undefined symbol: .vasprintf
ld: 0711-345 Use the -bloadmap or -bnoquiet option to obtain more information.
.ibm-clang: error: linker command failed with exit code 8 (use -v to see invocation)
configure:13437: $? = 8
configure: failed program was:
| /* confdefs.h */
| #define PACKAGE_NAME "pam_hbac"
| #define PACKAGE_TARNAME "pam_hbac"
| #define PACKAGE_VERSION "1.2"
| #define PACKAGE_STRING "pam_hbac 1.2"
| #define PACKAGE_BUGREPORT "jakub.hrozek@posteo.se"
| #define PACKAGE_URL ""
| #define PACKAGE "pam_hbac"
| #define VERSION "1.2"
| #define HAVE_STDIO_H 1
| #define HAVE_STDLIB_H 1
| #define HAVE_STRING_H 1
| #define HAVE_INTTYPES_H 1
| #define HAVE_STDINT_H 1
| #define HAVE_STRINGS_H 1
| #define HAVE_SYS_STAT_H 1
| #define HAVE_SYS_TYPES_H 1
| #define HAVE_UNISTD_H 1
| #define HAVE_WCHAR_H 1
| #define STDC_HEADERS 1
| #define _ALL_SOURCE 1
| #define _DARWIN_C_SOURCE 1
| #define _GNU_SOURCE 1
| #define _HPUX_ALT_XOPEN_SOCKET_API 1
| #define _NETBSD_SOURCE 1
| #define _OPENBSD_SOURCE 1
| #define _POSIX_PTHREAD_SEMANTICS 1
| #define __STDC_WANT_IEC_60559_ATTRIBS_EXT__ 1
| #define __STDC_WANT_IEC_60559_BFP_EXT__ 1
| #define __STDC_WANT_IEC_60559_DFP_EXT__ 1
| #define __STDC_WANT_IEC_60559_FUNCS_EXT__ 1
| #define __STDC_WANT_IEC_60559_TYPES_EXT__ 1
| #define __STDC_WANT_LIB_EXT2__ 1
| #define __STDC_WANT_MATH_SPEC_FUNCS__ 1
| #define _TANDEM_SOURCE 1
| #define __EXTENSIONS__ 1
| #define HAVE_DLFCN_H 1
| #define LT_OBJDIR ".libs/"
| #define HAVE__BOOL 1
| #define HAVE_STDBOOL_H 1
| #define HAVE_SSIZE_T 1
| #define HAVE_UNSIGNED_LONG_LONG_INT 1
| #define HAVE_LONG_LONG_INT 1
| /* end confdefs.h.  */
| /* Define vasprintf to an innocuous variant, in case <limits.h> declares vasprintf.
|    For example, HP-UX 11i <limits.h> declares gettimeofday.  */
| #define vasprintf innocuous_vasprintf
| 
| /* System header to define __stub macros and hopefully few prototypes,
|    which can conflict with char vasprintf (); below.  */
| 
| #include <limits.h>
| #undef vasprintf
| 
| /* Override any GCC internal prototype to avoid an error.
|    Use char because int might match the return type of a GCC
|    builtin and then its argument prototype would still apply.  */
| #ifdef __cplusplus
| extern "C"
| #endif
| char vasprintf ();
| /* The GNU C library defines this for functions which it implements
|     to always fail with ENOSYS.  Some functions are actually named
|     something starting with __ and the normal name is an alias.  */
| #if defined __stub_vasprintf || defined __stub___vasprintf
| choke me
| #endif
| 
| int
| main (void)
| {
| return vasprintf ();
|   ;
|   return 0;
| }
configure:13437: result: no
configure:13437: checking for snprintf
configure:13437: ibm-clang -o conftest -DSYSV -D_AIX73 -D_ALL_SOURCE -DFUNCPROTO=15 -Wno-error=int-conversion -O2 -I/opt/freeware/include  -target powerpc-ibm-aix7.3.0.0  -L/usr/lib -L/opt/freeware/lib conftest.c -lpthread >&5
conftest.c:61:6: warning: incompatible redeclaration of library function 'snprintf' [-Wincompatible-library-redeclaration]
char snprintf ();
     ^
conftest.c:61:6: note: 'snprintf' is a builtin with type 'int (char *, unsigned long, const char *, ...)'
1 warning generated.
configure:13437: $? = 0
configure:13437: result: yes
configure:13437: checking for vsnprintf
configure:13437: ibm-clang -o conftest -DSYSV -D_AIX73 -D_ALL_SOURCE -DFUNCPROTO=15 -Wno-error=int-conversion -O2 -I/opt/freeware/include  -target powerpc-ibm-aix7.3.0.0  -L/usr/lib -L/opt/freeware/lib conftest.c -lpthread >&5
conftest.c:62:6: warning: incompatible redeclaration of library function 'vsnprintf' [-Wincompatible-library-redeclaration]
char vsnprintf ();
     ^
conftest.c:62:6: note: 'vsnprintf' is a builtin with type 'int (char *, unsigned long, const char *, __builtin_va_list)'
1 warning generated.
configure:13437: $? = 0
configure:13437: result: yes
configure:13437: checking for strndup
configure:13437: ibm-clang -o conftest -DSYSV -D_AIX73 -D_ALL_SOURCE -DFUNCPROTO=15 -Wno-error=int-conversion -O2 -I/opt/freeware/include  -target powerpc-ibm-aix7.3.0.0  -L/usr/lib -L/opt/freeware/lib conftest.c -lpthread >&5
conftest.c:63:6: warning: incompatible redeclaration of library function 'strndup' [-Wincompatible-library-redeclaration]
char strndup ();
     ^
conftest.c:63:6: note: 'strndup' is a builtin with type 'char *(const char *, unsigned long)'
1 warning generated.
configure:13437: $? = 0
configure:13437: result: yes
configure:13472: checking for posix getpwnam_r
configure:13502: ibm-clang -o conftest -DSYSV -D_AIX73 -D_ALL_SOURCE -DFUNCPROTO=15 -Wno-error=int-conversion -O2 -I/opt/freeware/include  -target powerpc-ibm-aix7.3.0.0  -L/usr/lib -L/opt/freeware/lib conftest.c -lpthread >&5
configure:13502: $? = 0
configure:13502: ./conftest
configure:13502: $? = 0
configure:13513: result: yes
configure:13561: checking for posix getgrgid_r
configure:13591: ibm-clang -o conftest -DSYSV -D_AIX73 -D_ALL_SOURCE -DFUNCPROTO=15 -Wno-error=int-conversion -O2 -I/opt/freeware/include  -target powerpc-ibm-aix7.3.0.0  -L/usr/lib -L/opt/freeware/lib conftest.c -lpthread >&5
conftest.c:57:29: warning: incompatible pointer to integer conversion passing 'char[1]' to parameter of type 'gid_t' (aka 'unsigned int') [-Wint-conversion]
        error = getgrgid_r ("", &grp, buffer,
                            ^~
/usr/include/grp.h:128:30: note: passing argument to parameter '__aptr' here
        static int getgrgid_r(gid_t __aptr, struct group *__bptr,
                                    ^
1 warning generated.
configure:13591: $? = 0
configure:13591: ./conftest
configure:13591: $? = 0
configure:13602: result: yes
configure:13649: checking for getgrouplist
configure:13649: ibm-clang -o conftest -DSYSV -D_AIX73 -D_ALL_SOURCE -DFUNCPROTO=15 -Wno-error=int-conversion -O2 -I/opt/freeware/include  -target powerpc-ibm-aix7.3.0.0  -L/usr/lib -L/opt/freeware/lib conftest.c -lpthread >&5
ld: 0711-317 ERROR: Undefined symbol: .getgrouplist
ld: 0711-345 Use the -bloadmap or -bnoquiet option to obtain more information.
.ibm-clang: error: linker command failed with exit code 8 (use -v to see invocation)
configure:13649: $? = 8
configure: failed program was:
| /* confdefs.h */
| #define PACKAGE_NAME "pam_hbac"
| #define PACKAGE_TARNAME "pam_hbac"
| #define PACKAGE_VERSION "1.2"
| #define PACKAGE_STRING "pam_hbac 1.2"
| #define PACKAGE_BUGREPORT "jakub.hrozek@posteo.se"
| #define PACKAGE_URL ""
| #define PACKAGE "pam_hbac"
| #define VERSION "1.2"
| #define HAVE_STDIO_H 1
| #define HAVE_STDLIB_H 1
| #define HAVE_STRING_H 1
| #define HAVE_INTTYPES_H 1
| #define HAVE_STDINT_H 1
| #define HAVE_STRINGS_H 1
| #define HAVE_SYS_STAT_H 1
| #define HAVE_SYS_TYPES_H 1
| #define HAVE_UNISTD_H 1
| #define HAVE_WCHAR_H 1
| #define STDC_HEADERS 1
| #define _ALL_SOURCE 1
| #define _DARWIN_C_SOURCE 1
| #define _GNU_SOURCE 1
| #define _HPUX_ALT_XOPEN_SOCKET_API 1
| #define _NETBSD_SOURCE 1
| #define _OPENBSD_SOURCE 1
| #define _POSIX_PTHREAD_SEMANTICS 1
| #define __STDC_WANT_IEC_60559_ATTRIBS_EXT__ 1
| #define __STDC_WANT_IEC_60559_BFP_EXT__ 1
| #define __STDC_WANT_IEC_60559_DFP_EXT__ 1
| #define __STDC_WANT_IEC_60559_FUNCS_EXT__ 1
| #define __STDC_WANT_IEC_60559_TYPES_EXT__ 1
| #define __STDC_WANT_LIB_EXT2__ 1
| #define __STDC_WANT_MATH_SPEC_FUNCS__ 1
| #define _TANDEM_SOURCE 1
| #define __EXTENSIONS__ 1
| #define HAVE_DLFCN_H 1
| #define LT_OBJDIR ".libs/"
| #define HAVE__BOOL 1
| #define HAVE_STDBOOL_H 1
| #define HAVE_SSIZE_T 1
| #define HAVE_UNSIGNED_LONG_LONG_INT 1
| #define HAVE_LONG_LONG_INT 1
| #define HAVE_SNPRINTF 1
| #define HAVE_VSNPRINTF 1
| #define HAVE_STRNDUP 1
| #define HAVE_POSIX_GETPWNAM_R /**/
| #define HAVE_POSIX_GETGRGID_R /**/
| /* end confdefs.h.  */
| /* Define getgrouplist to an innocuous variant, in case <limits.h> declares getgrouplist.
|    For example, HP-UX 11i <limits.h> declares gettimeofday.  */
| #define getgrouplist innocuous_getgrouplist
| 
| /* System header to define __stub macros and hopefully few prototypes,
|    which can conflict with char getgrouplist (); below.  */
| 
| #include <limits.h>
| #undef getgrouplist
| 
| /* Override any GCC internal prototype to avoid an error.
|    Use char because int might match the return type of a GCC
|    builtin and then its argument prototype would still apply.  */
| #ifdef __cplusplus
| extern "C"
| #endif
| char getgrouplist ();
| /* The GNU C library defines this for functions which it implements
|     to always fail with ENOSYS.  Some functions are actually named
|     something starting with __ and the normal name is an alias.  */
| #if defined __stub_getgrouplist || defined __stub___getgrouplist
| choke me
| #endif
| 
| int
| main (void)
| {
| return getgrouplist ();
|   ;
|   return 0;
| }
configure:13649: result: no
configure:13655: checking for _getgroupsbymember
configure:13655: ibm-clang -o conftest -DSYSV -D_AIX73 -D_ALL_SOURCE -DFUNCPROTO=15 -Wno-error=int-conversion -O2 -I/opt/freeware/include  -target powerpc-ibm-aix7.3.0.0  -L/usr/lib -L/opt/freeware/lib conftest.c -lpthread >&5
ld: 0711-317 ERROR: Undefined symbol: ._getgroupsbymember
ld: 0711-345 Use the -bloadmap or -bnoquiet option to obtain more information.
.ibm-clang: error: linker command failed with exit code 8 (use -v to see invocation)
configure:13655: $? = 8
configure: failed program was:
| /* confdefs.h */
| #define PACKAGE_NAME "pam_hbac"
| #define PACKAGE_TARNAME "pam_hbac"
| #define PACKAGE_VERSION "1.2"
| #define PACKAGE_STRING "pam_hbac 1.2"
| #define PACKAGE_BUGREPORT "jakub.hrozek@posteo.se"
| #define PACKAGE_URL ""
| #define PACKAGE "pam_hbac"
| #define VERSION "1.2"
| #define HAVE_STDIO_H 1
| #define HAVE_STDLIB_H 1
| #define HAVE_STRING_H 1
| #define HAVE_INTTYPES_H 1
| #define HAVE_STDINT_H 1
| #define HAVE_STRINGS_H 1
| #define HAVE_SYS_STAT_H 1
| #define HAVE_SYS_TYPES_H 1
| #define HAVE_UNISTD_H 1
| #define HAVE_WCHAR_H 1
| #define STDC_HEADERS 1
| #define _ALL_SOURCE 1
| #define _DARWIN_C_SOURCE 1
| #define _GNU_SOURCE 1
| #define _HPUX_ALT_XOPEN_SOCKET_API 1
| #define _NETBSD_SOURCE 1
| #define _OPENBSD_SOURCE 1
| #define _POSIX_PTHREAD_SEMANTICS 1
| #define __STDC_WANT_IEC_60559_ATTRIBS_EXT__ 1
| #define __STDC_WANT_IEC_60559_BFP_EXT__ 1
| #define __STDC_WANT_IEC_60559_DFP_EXT__ 1
| #define __STDC_WANT_IEC_60559_FUNCS_EXT__ 1
| #define __STDC_WANT_IEC_60559_TYPES_EXT__ 1
| #define __STDC_WANT_LIB_EXT2__ 1
| #define __STDC_WANT_MATH_SPEC_FUNCS__ 1
| #define _TANDEM_SOURCE 1
| #define __EXTENSIONS__ 1
| #define HAVE_DLFCN_H 1
| #define LT_OBJDIR ".libs/"
| #define HAVE__BOOL 1
| #define HAVE_STDBOOL_H 1
| #define HAVE_SSIZE_T 1
| #define HAVE_UNSIGNED_LONG_LONG_INT 1
| #define HAVE_LONG_LONG_INT 1
| #define HAVE_SNPRINTF 1
| #define HAVE_VSNPRINTF 1
| #define HAVE_STRNDUP 1
| #define HAVE_POSIX_GETPWNAM_R /**/
| #define HAVE_POSIX_GETGRGID_R /**/
| /* end confdefs.h.  */
| /* Define _getgroupsbymember to an innocuous variant, in case <limits.h> declares _getgroupsbymember.
|    For example, HP-UX 11i <limits.h> declares gettimeofday.  */
| #define _getgroupsbymember innocuous__getgroupsbymember
| 
| /* System header to define __stub macros and hopefully few prototypes,
|    which can conflict with char _getgroupsbymember (); below.  */
| 
| #include <limits.h>
| #undef _getgroupsbymember
| 
| /* Override any GCC internal prototype to avoid an error.
|    Use char because int might match the return type of a GCC
|    builtin and then its argument prototype would still apply.  */
| #ifdef __cplusplus
| extern "C"
| #endif
| char _getgroupsbymember ();
| /* The GNU C library defines this for functions which it implements
|     to always fail with ENOSYS.  Some functions are actually named
|     something starting with __ and the normal name is an alias.  */
| #if defined __stub__getgroupsbymember || defined __stub____getgroupsbymember
| choke me
| #endif
| 
| int
| main (void)
| {
| return _getgroupsbymember ();
|   ;
|   return 0;
| }
configure:13655: result: no
configure:13661: checking for getgrset
configure:13661: ibm-clang -o conftest -DSYSV -D_AIX73 -D_ALL_SOURCE -DFUNCPROTO=15 -Wno-error=int-conversion -O2 -I/opt/freeware/include  -target powerpc-ibm-aix7.3.0.0  -L/usr/lib -L/opt/freeware/lib conftest.c -lpthread >&5
configure:13661: $? = 0
configure:13661: result: yes
configure:13671: checking whether compiler supports __attribute__((format))
configure:13682: ibm-clang -c -DSYSV -D_AIX73 -D_ALL_SOURCE -DFUNCPROTO=15 -Wno-error=int-conversion -O2 -I/opt/freeware/include  -target powerpc-ibm-aix7.3.0.0  conftest.c >&5
configure:13682: $? = 0
configure:13696: result: yes
configure:13708: checking whether compiler supports __thread
configure:13719: ibm-clang -c -DSYSV -D_AIX73 -D_ALL_SOURCE -DFUNCPROTO=15 -Wno-error=int-conversion -O2 -I/opt/freeware/include  -target powerpc-ibm-aix7.3.0.0  conftest.c >&5
configure:13719: $? = 0
configure:13733: result: yes
configure:13743: checking for security/pam_appl.h
configure:13743: ibm-clang -c -DSYSV -D_AIX73 -D_ALL_SOURCE -DFUNCPROTO=15 -Wno-error=int-conversion -O2 -I/opt/freeware/include  -target powerpc-ibm-aix7.3.0.0  conftest.c >&5
configure:13743: $? = 0
configure:13743: result: yes
configure:13750: checking for security/pam_modules.h
configure:13750: ibm-clang -c -DSYSV -D_AIX73 -D_ALL_SOURCE -DFUNCPROTO=15 -Wno-error=int-conversion -O2 -I/opt/freeware/include  -target powerpc-ibm-aix7.3.0.0  conftest.c >&5
configure:13750: $? = 0
configure:13750: result: yes
configure:13763: checking for pam_get_item in -lpam
configure:13786: ibm-clang -o conftest -DSYSV -D_AIX73 -D_ALL_SOURCE -DFUNCPROTO=15 -Wno-error=int-conversion -O2 -I/opt/freeware/include  -target powerpc-ibm-aix7.3.0.0  -L/usr/lib -L/opt/freeware/lib conftest.c -lpam  -lpthread >&5
configure:13786: $? = 0
configure:13796: result: yes
configure:13806: checking for security/pam_ext.h
configure:13806: ibm-clang -c -DSYSV -D_AIX73 -D_ALL_SOURCE -DFUNCPROTO=15 -Wno-error=int-conversion -O2 -I/opt/freeware/include  -target powerpc-ibm-aix7.3.0.0  conftest.c >&5
conftest.c:83:10: fatal error: 'security/pam_ext.h' file not found
#include <security/pam_ext.h>
         ^~~~~~~~~~~~~~~~~~~~
1 error generated.
configure:13806: $? = 1
configure: failed program was:
| /* confdefs.h */
| #define PACKAGE_NAME "pam_hbac"
| #define PACKAGE_TARNAME "pam_hbac"
| #define PACKAGE_VERSION "1.2"
| #define PACKAGE_STRING "pam_hbac 1.2"
| #define PACKAGE_BUGREPORT "jakub.hrozek@posteo.se"
| #define PACKAGE_URL ""
| #define PACKAGE "pam_hbac"
| #define VERSION "1.2"
| #define HAVE_STDIO_H 1
| #define HAVE_STDLIB_H 1
| #define HAVE_STRING_H 1
| #define HAVE_INTTYPES_H 1
| #define HAVE_STDINT_H 1
| #define HAVE_STRINGS_H 1
| #define HAVE_SYS_STAT_H 1
| #define HAVE_SYS_TYPES_H 1
| #define HAVE_UNISTD_H 1
| #define HAVE_WCHAR_H 1
| #define STDC_HEADERS 1
| #define _ALL_SOURCE 1
| #define _DARWIN_C_SOURCE 1
| #define _GNU_SOURCE 1
| #define _HPUX_ALT_XOPEN_SOCKET_API 1
| #define _NETBSD_SOURCE 1
| #define _OPENBSD_SOURCE 1
| #define _POSIX_PTHREAD_SEMANTICS 1
| #define __STDC_WANT_IEC_60559_ATTRIBS_EXT__ 1
| #define __STDC_WANT_IEC_60559_BFP_EXT__ 1
| #define __STDC_WANT_IEC_60559_DFP_EXT__ 1
| #define __STDC_WANT_IEC_60559_FUNCS_EXT__ 1
| #define __STDC_WANT_IEC_60559_TYPES_EXT__ 1
| #define __STDC_WANT_LIB_EXT2__ 1
| #define __STDC_WANT_MATH_SPEC_FUNCS__ 1
| #define _TANDEM_SOURCE 1
| #define __EXTENSIONS__ 1
| #define HAVE_DLFCN_H 1
| #define LT_OBJDIR ".libs/"
| #define HAVE__BOOL 1
| #define HAVE_STDBOOL_H 1
| #define HAVE_SSIZE_T 1
| #define HAVE_UNSIGNED_LONG_LONG_INT 1
| #define HAVE_LONG_LONG_INT 1
| #define HAVE_SNPRINTF 1
| #define HAVE_VSNPRINTF 1
| #define HAVE_STRNDUP 1
| #define HAVE_POSIX_GETPWNAM_R /**/
| #define HAVE_POSIX_GETGRGID_R /**/
| #define HAVE_GETGRSET 1
| #define HAVE_FUNCTION_ATTRIBUTE_FORMAT 1
| #define HAVE_THREAD_KEY_WORD 1
| #define HAVE_SECURITY_PAM_APPL_H 1
| #define HAVE_SECURITY_PAM_MODULES_H 1
| /* end confdefs.h.  */
| #include <stddef.h>
| #ifdef HAVE_STDIO_H
| # include <stdio.h>
| #endif
| #ifdef HAVE_STDLIB_H
| # include <stdlib.h>
| #endif
| #ifdef HAVE_STRING_H
| # include <string.h>
| #endif
| #ifdef HAVE_INTTYPES_H
| # include <inttypes.h>
| #endif
| #ifdef HAVE_STDINT_H
| # include <stdint.h>
| #endif
| #ifdef HAVE_STRINGS_H
| # include <strings.h>
| #endif
| #ifdef HAVE_SYS_TYPES_H
| # include <sys/types.h>
| #endif
| #ifdef HAVE_SYS_STAT_H
| # include <sys/stat.h>
| #endif
| #ifdef HAVE_UNISTD_H
| # include <unistd.h>
| #endif
| #include <security/pam_ext.h>
configure:13806: result: no
configure:13812: checking for security/pam_modutil.h
configure:13812: ibm-clang -c -DSYSV -D_AIX73 -D_ALL_SOURCE -DFUNCPROTO=15 -Wno-error=int-conversion -O2 -I/opt/freeware/include  -target powerpc-ibm-aix7.3.0.0  conftest.c >&5
conftest.c:83:10: fatal error: 'security/pam_modutil.h' file not found
#include <security/pam_modutil.h>
         ^~~~~~~~~~~~~~~~~~~~~~~~
1 error generated.
configure:13812: $? = 1
configure: failed program was:
| /* confdefs.h */
| #define PACKAGE_NAME "pam_hbac"
| #define PACKAGE_TARNAME "pam_hbac"
| #define PACKAGE_VERSION "1.2"
| #define PACKAGE_STRING "pam_hbac 1.2"
| #define PACKAGE_BUGREPORT "jakub.hrozek@posteo.se"
| #define PACKAGE_URL ""
| #define PACKAGE "pam_hbac"
| #define VERSION "1.2"
| #define HAVE_STDIO_H 1
| #define HAVE_STDLIB_H 1
| #define HAVE_STRING_H 1
| #define HAVE_INTTYPES_H 1
| #define HAVE_STDINT_H 1
| #define HAVE_STRINGS_H 1
| #define HAVE_SYS_STAT_H 1
| #define HAVE_SYS_TYPES_H 1
| #define HAVE_UNISTD_H 1
| #define HAVE_WCHAR_H 1
| #define STDC_HEADERS 1
| #define _ALL_SOURCE 1
| #define _DARWIN_C_SOURCE 1
| #define _GNU_SOURCE 1
| #define _HPUX_ALT_XOPEN_SOCKET_API 1
| #define _NETBSD_SOURCE 1
| #define _OPENBSD_SOURCE 1
| #define _POSIX_PTHREAD_SEMANTICS 1
| #define __STDC_WANT_IEC_60559_ATTRIBS_EXT__ 1
| #define __STDC_WANT_IEC_60559_BFP_EXT__ 1
| #define __STDC_WANT_IEC_60559_DFP_EXT__ 1
| #define __STDC_WANT_IEC_60559_FUNCS_EXT__ 1
| #define __STDC_WANT_IEC_60559_TYPES_EXT__ 1
| #define __STDC_WANT_LIB_EXT2__ 1
| #define __STDC_WANT_MATH_SPEC_FUNCS__ 1
| #define _TANDEM_SOURCE 1
| #define __EXTENSIONS__ 1
| #define HAVE_DLFCN_H 1
| #define LT_OBJDIR ".libs/"
| #define HAVE__BOOL 1
| #define HAVE_STDBOOL_H 1
| #define HAVE_SSIZE_T 1
| #define HAVE_UNSIGNED_LONG_LONG_INT 1
| #define HAVE_LONG_LONG_INT 1
| #define HAVE_SNPRINTF 1
| #define HAVE_VSNPRINTF 1
| #define HAVE_STRNDUP 1
| #define HAVE_POSIX_GETPWNAM_R /**/
| #define HAVE_POSIX_GETGRGID_R /**/
| #define HAVE_GETGRSET 1
| #define HAVE_FUNCTION_ATTRIBUTE_FORMAT 1
| #define HAVE_THREAD_KEY_WORD 1
| #define HAVE_SECURITY_PAM_APPL_H 1
| #define HAVE_SECURITY_PAM_MODULES_H 1
| /* end confdefs.h.  */
| #include <stddef.h>
| #ifdef HAVE_STDIO_H
| # include <stdio.h>
| #endif
| #ifdef HAVE_STDLIB_H
| # include <stdlib.h>
| #endif
| #ifdef HAVE_STRING_H
| # include <string.h>
| #endif
| #ifdef HAVE_INTTYPES_H
| # include <inttypes.h>
| #endif
| #ifdef HAVE_STDINT_H
| # include <stdint.h>
| #endif
| #ifdef HAVE_STRINGS_H
| # include <strings.h>
| #endif
| #ifdef HAVE_SYS_TYPES_H
| # include <sys/types.h>
| #endif
| #ifdef HAVE_SYS_STAT_H
| # include <sys/stat.h>
| #endif
| #ifdef HAVE_UNISTD_H
| # include <unistd.h>
| #endif
| #include <security/pam_modutil.h>
configure:13812: result: no
configure:13819: checking for security/pam_misc.h
configure:13819: ibm-clang -c -DSYSV -D_AIX73 -D_ALL_SOURCE -DFUNCPROTO=15 -Wno-error=int-conversion -O2 -I/opt/freeware/include  -target powerpc-ibm-aix7.3.0.0  conftest.c >&5
conftest.c:83:10: fatal error: 'security/pam_misc.h' file not found
#include <security/pam_misc.h>
         ^~~~~~~~~~~~~~~~~~~~~
1 error generated.
configure:13819: $? = 1
configure: failed program was:
| /* confdefs.h */
| #define PACKAGE_NAME "pam_hbac"
| #define PACKAGE_TARNAME "pam_hbac"
| #define PACKAGE_VERSION "1.2"
| #define PACKAGE_STRING "pam_hbac 1.2"
| #define PACKAGE_BUGREPORT "jakub.hrozek@posteo.se"
| #define PACKAGE_URL ""
| #define PACKAGE "pam_hbac"
| #define VERSION "1.2"
| #define HAVE_STDIO_H 1
| #define HAVE_STDLIB_H 1
| #define HAVE_STRING_H 1
| #define HAVE_INTTYPES_H 1
| #define HAVE_STDINT_H 1
| #define HAVE_STRINGS_H 1
| #define HAVE_SYS_STAT_H 1
| #define HAVE_SYS_TYPES_H 1
| #define HAVE_UNISTD_H 1
| #define HAVE_WCHAR_H 1
| #define STDC_HEADERS 1
| #define _ALL_SOURCE 1
| #define _DARWIN_C_SOURCE 1
| #define _GNU_SOURCE 1
| #define _HPUX_ALT_XOPEN_SOCKET_API 1
| #define _NETBSD_SOURCE 1
| #define _OPENBSD_SOURCE 1
| #define _POSIX_PTHREAD_SEMANTICS 1
| #define __STDC_WANT_IEC_60559_ATTRIBS_EXT__ 1
| #define __STDC_WANT_IEC_60559_BFP_EXT__ 1
| #define __STDC_WANT_IEC_60559_DFP_EXT__ 1
| #define __STDC_WANT_IEC_60559_FUNCS_EXT__ 1
| #define __STDC_WANT_IEC_60559_TYPES_EXT__ 1
| #define __STDC_WANT_LIB_EXT2__ 1
| #define __STDC_WANT_MATH_SPEC_FUNCS__ 1
| #define _TANDEM_SOURCE 1
| #define __EXTENSIONS__ 1
| #define HAVE_DLFCN_H 1
| #define LT_OBJDIR ".libs/"
| #define HAVE__BOOL 1
| #define HAVE_STDBOOL_H 1
| #define HAVE_SSIZE_T 1
| #define HAVE_UNSIGNED_LONG_LONG_INT 1
| #define HAVE_LONG_LONG_INT 1
| #define HAVE_SNPRINTF 1
| #define HAVE_VSNPRINTF 1
| #define HAVE_STRNDUP 1
| #define HAVE_POSIX_GETPWNAM_R /**/
| #define HAVE_POSIX_GETGRGID_R /**/
| #define HAVE_GETGRSET 1
| #define HAVE_FUNCTION_ATTRIBUTE_FORMAT 1
| #define HAVE_THREAD_KEY_WORD 1
| #define HAVE_SECURITY_PAM_APPL_H 1
| #define HAVE_SECURITY_PAM_MODULES_H 1
| /* end confdefs.h.  */
| #include <stddef.h>
| #ifdef HAVE_STDIO_H
| # include <stdio.h>
| #endif
| #ifdef HAVE_STDLIB_H
| # include <stdlib.h>
| #endif
| #ifdef HAVE_STRING_H
| # include <string.h>
| #endif
| #ifdef HAVE_INTTYPES_H
| # include <inttypes.h>
| #endif
| #ifdef HAVE_STDINT_H
| # include <stdint.h>
| #endif
| #ifdef HAVE_STRINGS_H
| # include <strings.h>
| #endif
| #ifdef HAVE_SYS_TYPES_H
| # include <sys/types.h>
| #endif
| #ifdef HAVE_SYS_STAT_H
| # include <sys/stat.h>
| #endif
| #ifdef HAVE_UNISTD_H
| # include <unistd.h>
| #endif
| #include <security/pam_misc.h>
configure:13819: result: no
configure:13825: checking for security/_pam_macros.h
configure:13825: ibm-clang -c -DSYSV -D_AIX73 -D_ALL_SOURCE -DFUNCPROTO=15 -Wno-error=int-conversion -O2 -I/opt/freeware/include  -target powerpc-ibm-aix7.3.0.0  conftest.c >&5
conftest.c:83:10: fatal error: 'security/_pam_macros.h' file not found
#include <security/_pam_macros.h>
         ^~~~~~~~~~~~~~~~~~~~~~~~
1 error generated.
configure:13825: $? = 1
configure: failed program was:
| /* confdefs.h */
| #define PACKAGE_NAME "pam_hbac"
| #define PACKAGE_TARNAME "pam_hbac"
| #define PACKAGE_VERSION "1.2"
| #define PACKAGE_STRING "pam_hbac 1.2"
| #define PACKAGE_BUGREPORT "jakub.hrozek@posteo.se"
| #define PACKAGE_URL ""
| #define PACKAGE "pam_hbac"
| #define VERSION "1.2"
| #define HAVE_STDIO_H 1
| #define HAVE_STDLIB_H 1
| #define HAVE_STRING_H 1
| #define HAVE_INTTYPES_H 1
| #define HAVE_STDINT_H 1
| #define HAVE_STRINGS_H 1
| #define HAVE_SYS_STAT_H 1
| #define HAVE_SYS_TYPES_H 1
| #define HAVE_UNISTD_H 1
| #define HAVE_WCHAR_H 1
| #define STDC_HEADERS 1
| #define _ALL_SOURCE 1
| #define _DARWIN_C_SOURCE 1
| #define _GNU_SOURCE 1
| #define _HPUX_ALT_XOPEN_SOCKET_API 1
| #define _NETBSD_SOURCE 1
| #define _OPENBSD_SOURCE 1
| #define _POSIX_PTHREAD_SEMANTICS 1
| #define __STDC_WANT_IEC_60559_ATTRIBS_EXT__ 1
| #define __STDC_WANT_IEC_60559_BFP_EXT__ 1
| #define __STDC_WANT_IEC_60559_DFP_EXT__ 1
| #define __STDC_WANT_IEC_60559_FUNCS_EXT__ 1
| #define __STDC_WANT_IEC_60559_TYPES_EXT__ 1
| #define __STDC_WANT_LIB_EXT2__ 1
| #define __STDC_WANT_MATH_SPEC_FUNCS__ 1
| #define _TANDEM_SOURCE 1
| #define __EXTENSIONS__ 1
| #define HAVE_DLFCN_H 1
| #define LT_OBJDIR ".libs/"
| #define HAVE__BOOL 1
| #define HAVE_STDBOOL_H 1
| #define HAVE_SSIZE_T 1
| #define HAVE_UNSIGNED_LONG_LONG_INT 1
| #define HAVE_LONG_LONG_INT 1
| #define HAVE_SNPRINTF 1
| #define HAVE_VSNPRINTF 1
| #define HAVE_STRNDUP 1
| #define HAVE_POSIX_GETPWNAM_R /**/
| #define HAVE_POSIX_GETGRGID_R /**/
| #define HAVE_GETGRSET 1
| #define HAVE_FUNCTION_ATTRIBUTE_FORMAT 1
| #define HAVE_THREAD_KEY_WORD 1
| #define HAVE_SECURITY_PAM_APPL_H 1
| #define HAVE_SECURITY_PAM_MODULES_H 1
| /* end confdefs.h.  */
| #include <stddef.h>
| #ifdef HAVE_STDIO_H
| # include <stdio.h>
| #endif
| #ifdef HAVE_STDLIB_H
| # include <stdlib.h>
| #endif
| #ifdef HAVE_STRING_H
| # include <string.h>
| #endif
| #ifdef HAVE_INTTYPES_H
| # include <inttypes.h>
| #endif
| #ifdef HAVE_STDINT_H
| # include <stdint.h>
| #endif
| #ifdef HAVE_STRINGS_H
| # include <strings.h>
| #endif
| #ifdef HAVE_SYS_TYPES_H
| # include <sys/types.h>
| #endif
| #ifdef HAVE_SYS_STAT_H
| # include <sys/stat.h>
| #endif
| #ifdef HAVE_UNISTD_H
| # include <unistd.h>
| #endif
| #include <security/_pam_macros.h>
configure:13825: result: no
configure:13832: checking for security/openpam.h
configure:13832: ibm-clang -c -DSYSV -D_AIX73 -D_ALL_SOURCE -DFUNCPROTO=15 -Wno-error=int-conversion -O2 -I/opt/freeware/include  -target powerpc-ibm-aix7.3.0.0  conftest.c >&5
conftest.c:61:10: fatal error: 'security/openpam.h' file not found
#include <security/openpam.h>
         ^~~~~~~~~~~~~~~~~~~~
1 error generated.
configure:13832: $? = 1
configure: failed program was:
| /* confdefs.h */
| #define PACKAGE_NAME "pam_hbac"
| #define PACKAGE_TARNAME "pam_hbac"
| #define PACKAGE_VERSION "1.2"
| #define PACKAGE_STRING "pam_hbac 1.2"
| #define PACKAGE_BUGREPORT "jakub.hrozek@posteo.se"
| #define PACKAGE_URL ""
| #define PACKAGE "pam_hbac"
| #define VERSION "1.2"
| #define HAVE_STDIO_H 1
| #define HAVE_STDLIB_H 1
| #define HAVE_STRING_H 1
| #define HAVE_INTTYPES_H 1
| #define HAVE_STDINT_H 1
| #define HAVE_STRINGS_H 1
| #define HAVE_SYS_STAT_H 1
| #define HAVE_SYS_TYPES_H 1
| #define HAVE_UNISTD_H 1
| #define HAVE_WCHAR_H 1
| #define STDC_HEADERS 1
| #define _ALL_SOURCE 1
| #define _DARWIN_C_SOURCE 1
| #define _GNU_SOURCE 1
| #define _HPUX_ALT_XOPEN_SOCKET_API 1
| #define _NETBSD_SOURCE 1
| #define _OPENBSD_SOURCE 1
| #define _POSIX_PTHREAD_SEMANTICS 1
| #define __STDC_WANT_IEC_60559_ATTRIBS_EXT__ 1
| #define __STDC_WANT_IEC_60559_BFP_EXT__ 1
| #define __STDC_WANT_IEC_60559_DFP_EXT__ 1
| #define __STDC_WANT_IEC_60559_FUNCS_EXT__ 1
| #define __STDC_WANT_IEC_60559_TYPES_EXT__ 1
| #define __STDC_WANT_LIB_EXT2__ 1
| #define __STDC_WANT_MATH_SPEC_FUNCS__ 1
| #define _TANDEM_SOURCE 1
| #define __EXTENSIONS__ 1
| #define HAVE_DLFCN_H 1
| #define LT_OBJDIR ".libs/"
| #define HAVE__BOOL 1
| #define HAVE_STDBOOL_H 1
| #define HAVE_SSIZE_T 1
| #define HAVE_UNSIGNED_LONG_LONG_INT 1
| #define HAVE_LONG_LONG_INT 1
| #define HAVE_SNPRINTF 1
| #define HAVE_VSNPRINTF 1
| #define HAVE_STRNDUP 1
| #define HAVE_POSIX_GETPWNAM_R /**/
| #define HAVE_POSIX_GETGRGID_R /**/
| #define HAVE_GETGRSET 1
| #define HAVE_FUNCTION_ATTRIBUTE_FORMAT 1
| #define HAVE_THREAD_KEY_WORD 1
| #define HAVE_SECURITY_PAM_APPL_H 1
| #define HAVE_SECURITY_PAM_MODULES_H 1
| /* end confdefs.h.  */
| 
|       #ifdef HAVE_SECURITY_PAM_APPL_H
|       #include <security/pam_appl.h>
|       #endif
| 
| 
| #include <security/openpam.h>
configure:13832: result: no
configure:13845: checking for misc_conv in -lpam_misc
configure:13868: ibm-clang -o conftest -DSYSV -D_AIX73 -D_ALL_SOURCE -DFUNCPROTO=15 -Wno-error=int-conversion -O2 -I/opt/freeware/include  -target powerpc-ibm-aix7.3.0.0  -L/usr/lib -L/opt/freeware/lib conftest.c -lpam_misc  -lpthread >&5
ld: 0706-006 Cannot find or open library file: -l pam_misc
	ld:open(): No such file or directory
.ibm-clang: error: linker command failed with exit code 255 (use -v to see invocation)
configure:13868: $? = 1
configure: failed program was:
| /* confdefs.h */
| #define PACKAGE_NAME "pam_hbac"
| #define PACKAGE_TARNAME "pam_hbac"
| #define PACKAGE_VERSION "1.2"
| #define PACKAGE_STRING "pam_hbac 1.2"
| #define PACKAGE_BUGREPORT "jakub.hrozek@posteo.se"
| #define PACKAGE_URL ""
| #define PACKAGE "pam_hbac"
| #define VERSION "1.2"
| #define HAVE_STDIO_H 1
| #define HAVE_STDLIB_H 1
| #define HAVE_STRING_H 1
| #define HAVE_INTTYPES_H 1
| #define HAVE_STDINT_H 1
| #define HAVE_STRINGS_H 1
| #define HAVE_SYS_STAT_H 1
| #define HAVE_SYS_TYPES_H 1
| #define HAVE_UNISTD_H 1
| #define HAVE_WCHAR_H 1
| #define STDC_HEADERS 1
| #define _ALL_SOURCE 1
| #define _DARWIN_C_SOURCE 1
| #define _GNU_SOURCE 1
| #define _HPUX_ALT_XOPEN_SOCKET_API 1
| #define _NETBSD_SOURCE 1
| #define _OPENBSD_SOURCE 1
| #define _POSIX_PTHREAD_SEMANTICS 1
| #define __STDC_WANT_IEC_60559_ATTRIBS_EXT__ 1
| #define __STDC_WANT_IEC_60559_BFP_EXT__ 1
| #define __STDC_WANT_IEC_60559_DFP_EXT__ 1
| #define __STDC_WANT_IEC_60559_FUNCS_EXT__ 1
| #define __STDC_WANT_IEC_60559_TYPES_EXT__ 1
| #define __STDC_WANT_LIB_EXT2__ 1
| #define __STDC_WANT_MATH_SPEC_FUNCS__ 1
| #define _TANDEM_SOURCE 1
| #define __EXTENSIONS__ 1
| #define HAVE_DLFCN_H 1
| #define LT_OBJDIR ".libs/"
| #define HAVE__BOOL 1
| #define HAVE_STDBOOL_H 1
| #define HAVE_SSIZE_T 1
| #define HAVE_UNSIGNED_LONG_LONG_INT 1
| #define HAVE_LONG_LONG_INT 1
| #define HAVE_SNPRINTF 1
| #define HAVE_VSNPRINTF 1
| #define HAVE_STRNDUP 1
| #define HAVE_POSIX_GETPWNAM_R /**/
| #define HAVE_POSIX_GETGRGID_R /**/
| #define HAVE_GETGRSET 1
| #define HAVE_FUNCTION_ATTRIBUTE_FORMAT 1
| #define HAVE_THREAD_KEY_WORD 1
| #define HAVE_SECURITY_PAM_APPL_H 1
| #define HAVE_SECURITY_PAM_MODULES_H 1
| /* end confdefs.h.  */
| 
| /* Override any GCC internal prototype to avoid an error.
|    Use char because int might match the return type of a GCC
|    builtin and then its argument prototype would still apply.  */
| char misc_conv ();
| int
| main (void)
| {
| return misc_conv ();
|   ;
|   return 0;
| }
configure:13878: result: no
configure:13888: checking whether pam_get_item accepts const void
configure:13901: ibm-clang -c -DSYSV -D_AIX73 -D_ALL_SOURCE -DFUNCPROTO=15 -Wno-error=int-conversion -O2 -I/opt/freeware/include  -target powerpc-ibm-aix7.3.0.0  conftest.c >&5
conftest.c:59:37: warning: passing 'const void **' to parameter of type 'void **' discards qualifiers in nested pointer types [-Wincompatible-pointer-types-discards-qualifiers]
const char *str; pam_get_item(0, 0, (const void **) &str);
                                    ^~~~~~~~~~~~~~~~~~~~
/usr/include/security/pam_appl.h:196:10: note: passing argument to parameter 'item' here
        void ** item                    /* Address of place to put pointer */
                ^
1 warning generated.
configure:13901: $? = 0
configure:13909: result: yes
configure:13922: checking for vsyslog
configure:13922: ibm-clang -o conftest -DSYSV -D_AIX73 -D_ALL_SOURCE -DFUNCPROTO=15 -Wno-error=int-conversion -O2 -I/opt/freeware/include  -target powerpc-ibm-aix7.3.0.0  -L/usr/lib -L/opt/freeware/lib conftest.c -lpam >&5
ld: 0711-317 ERROR: Undefined symbol: .vsyslog
ld: 0711-345 Use the -bloadmap or -bnoquiet option to obtain more information.
.ibm-clang: error: linker command failed with exit code 8 (use -v to see invocation)
configure:13922: $? = 8
configure: failed program was:
| /* confdefs.h */
| #define PACKAGE_NAME "pam_hbac"
| #define PACKAGE_TARNAME "pam_hbac"
| #define PACKAGE_VERSION "1.2"
| #define PACKAGE_STRING "pam_hbac 1.2"
| #define PACKAGE_BUGREPORT "jakub.hrozek@posteo.se"
| #define PACKAGE_URL ""
| #define PACKAGE "pam_hbac"
| #define VERSION "1.2"
| #define HAVE_STDIO_H 1
| #define HAVE_STDLIB_H 1
| #define HAVE_STRING_H 1
| #define HAVE_INTTYPES_H 1
| #define HAVE_STDINT_H 1
| #define HAVE_STRINGS_H 1
| #define HAVE_SYS_STAT_H 1
| #define HAVE_SYS_TYPES_H 1
| #define HAVE_UNISTD_H 1
| #define HAVE_WCHAR_H 1
| #define STDC_HEADERS 1
| #define _ALL_SOURCE 1
| #define _DARWIN_C_SOURCE 1
| #define _GNU_SOURCE 1
| #define _HPUX_ALT_XOPEN_SOCKET_API 1
| #define _NETBSD_SOURCE 1
| #define _OPENBSD_SOURCE 1
| #define _POSIX_PTHREAD_SEMANTICS 1
| #define __STDC_WANT_IEC_60559_ATTRIBS_EXT__ 1
| #define __STDC_WANT_IEC_60559_BFP_EXT__ 1
| #define __STDC_WANT_IEC_60559_DFP_EXT__ 1
| #define __STDC_WANT_IEC_60559_FUNCS_EXT__ 1
| #define __STDC_WANT_IEC_60559_TYPES_EXT__ 1
| #define __STDC_WANT_LIB_EXT2__ 1
| #define __STDC_WANT_MATH_SPEC_FUNCS__ 1
| #define _TANDEM_SOURCE 1
| #define __EXTENSIONS__ 1
| #define HAVE_DLFCN_H 1
| #define LT_OBJDIR ".libs/"
| #define HAVE__BOOL 1
| #define HAVE_STDBOOL_H 1
| #define HAVE_SSIZE_T 1
| #define HAVE_UNSIGNED_LONG_LONG_INT 1
| #define HAVE_LONG_LONG_INT 1
| #define HAVE_SNPRINTF 1
| #define HAVE_VSNPRINTF 1
| #define HAVE_STRNDUP 1
| #define HAVE_POSIX_GETPWNAM_R /**/
| #define HAVE_POSIX_GETGRGID_R /**/
| #define HAVE_GETGRSET 1
| #define HAVE_FUNCTION_ATTRIBUTE_FORMAT 1
| #define HAVE_THREAD_KEY_WORD 1
| #define HAVE_SECURITY_PAM_APPL_H 1
| #define HAVE_SECURITY_PAM_MODULES_H 1
| #define HAVE_PAM_GETITEM_CONST 1
| /* end confdefs.h.  */
| /* Define vsyslog to an innocuous variant, in case <limits.h> declares vsyslog.
|    For example, HP-UX 11i <limits.h> declares gettimeofday.  */
| #define vsyslog innocuous_vsyslog
| 
| /* System header to define __stub macros and hopefully few prototypes,
|    which can conflict with char vsyslog (); below.  */
| 
| #include <limits.h>
| #undef vsyslog
| 
| /* Override any GCC internal prototype to avoid an error.
|    Use char because int might match the return type of a GCC
|    builtin and then its argument prototype would still apply.  */
| #ifdef __cplusplus
| extern "C"
| #endif
| char vsyslog ();
| /* The GNU C library defines this for functions which it implements
|     to always fail with ENOSYS.  Some functions are actually named
|     something starting with __ and the normal name is an alias.  */
| #if defined __stub_vsyslog || defined __stub___vsyslog
| choke me
| #endif
| 
| int
| main (void)
| {
| return vsyslog ();
|   ;
|   return 0;
| }
configure:13922: result: no
configure:13928: checking for pam_syslog
configure:13928: ibm-clang -o conftest -DSYSV -D_AIX73 -D_ALL_SOURCE -DFUNCPROTO=15 -Wno-error=int-conversion -O2 -I/opt/freeware/include  -target powerpc-ibm-aix7.3.0.0  -L/usr/lib -L/opt/freeware/lib conftest.c -lpam >&5
configure:13928: $? = 0
configure:13928: result: yes
configure:13934: checking for pam_vsyslog
configure:13934: ibm-clang -o conftest -DSYSV -D_AIX73 -D_ALL_SOURCE -DFUNCPROTO=15 -Wno-error=int-conversion -O2 -I/opt/freeware/include  -target powerpc-ibm-aix7.3.0.0  -L/usr/lib -L/opt/freeware/lib conftest.c -lpam >&5
ld: 0711-317 ERROR: Undefined symbol: .pam_vsyslog
ld: 0711-345 Use the -bloadmap or -bnoquiet option to obtain more information.
.ibm-clang: error: linker command failed with exit code 8 (use -v to see invocation)
configure:13934: $? = 8
configure: failed program was:
| /* confdefs.h */
| #define PACKAGE_NAME "pam_hbac"
| #define PACKAGE_TARNAME "pam_hbac"
| #define PACKAGE_VERSION "1.2"
| #define PACKAGE_STRING "pam_hbac 1.2"
| #define PACKAGE_BUGREPORT "jakub.hrozek@posteo.se"
| #define PACKAGE_URL ""
| #define PACKAGE "pam_hbac"
| #define VERSION "1.2"
| #define HAVE_STDIO_H 1
| #define HAVE_STDLIB_H 1
| #define HAVE_STRING_H 1
| #define HAVE_INTTYPES_H 1
| #define HAVE_STDINT_H 1
| #define HAVE_STRINGS_H 1
| #define HAVE_SYS_STAT_H 1
| #define HAVE_SYS_TYPES_H 1
| #define HAVE_UNISTD_H 1
| #define HAVE_WCHAR_H 1
| #define STDC_HEADERS 1
| #define _ALL_SOURCE 1
| #define _DARWIN_C_SOURCE 1
| #define _GNU_SOURCE 1
| #define _HPUX_ALT_XOPEN_SOCKET_API 1
| #define _NETBSD_SOURCE 1
| #define _OPENBSD_SOURCE 1
| #define _POSIX_PTHREAD_SEMANTICS 1
| #define __STDC_WANT_IEC_60559_ATTRIBS_EXT__ 1
| #define __STDC_WANT_IEC_60559_BFP_EXT__ 1
| #define __STDC_WANT_IEC_60559_DFP_EXT__ 1
| #define __STDC_WANT_IEC_60559_FUNCS_EXT__ 1
| #define __STDC_WANT_IEC_60559_TYPES_EXT__ 1
| #define __STDC_WANT_LIB_EXT2__ 1
| #define __STDC_WANT_MATH_SPEC_FUNCS__ 1
| #define _TANDEM_SOURCE 1
| #define __EXTENSIONS__ 1
| #define HAVE_DLFCN_H 1
| #define LT_OBJDIR ".libs/"
| #define HAVE__BOOL 1
| #define HAVE_STDBOOL_H 1
| #define HAVE_SSIZE_T 1
| #define HAVE_UNSIGNED_LONG_LONG_INT 1
| #define HAVE_LONG_LONG_INT 1
| #define HAVE_SNPRINTF 1
| #define HAVE_VSNPRINTF 1
| #define HAVE_STRNDUP 1
| #define HAVE_POSIX_GETPWNAM_R /**/
| #define HAVE_POSIX_GETGRGID_R /**/
| #define HAVE_GETGRSET 1
| #define HAVE_FUNCTION_ATTRIBUTE_FORMAT 1
| #define HAVE_THREAD_KEY_WORD 1
| #define HAVE_SECURITY_PAM_APPL_H 1
| #define HAVE_SECURITY_PAM_MODULES_H 1
| #define HAVE_PAM_GETITEM_CONST 1
| #define HAVE_PAM_SYSLOG 1
| /* end confdefs.h.  */
| /* Define pam_vsyslog to an innocuous variant, in case <limits.h> declares pam_vsyslog.
|    For example, HP-UX 11i <limits.h> declares gettimeofday.  */
| #define pam_vsyslog innocuous_pam_vsyslog
| 
| /* System header to define __stub macros and hopefully few prototypes,
|    which can conflict with char pam_vsyslog (); below.  */
| 
| #include <limits.h>
| #undef pam_vsyslog
| 
| /* Override any GCC internal prototype to avoid an error.
|    Use char because int might match the return type of a GCC
|    builtin and then its argument prototype would still apply.  */
| #ifdef __cplusplus
| extern "C"
| #endif
| char pam_vsyslog ();
| /* The GNU C library defines this for functions which it implements
|     to always fail with ENOSYS.  Some functions are actually named
|     something starting with __ and the normal name is an alias.  */
| #if defined __stub_pam_vsyslog || defined __stub___pam_vsyslog
| choke me
| #endif
| 
| int
| main (void)
| {
| return pam_vsyslog ();
|   ;
|   return 0;
| }
configure:13934: result: no
configure:13966: checking for lber.h
configure:13966: ibm-clang -c -DSYSV -D_AIX73 -D_ALL_SOURCE -DFUNCPROTO=15 -Wno-error=int-conversion -O2 -I/opt/freeware/include  -target powerpc-ibm-aix7.3.0.0  -I/opt/freeware/include  conftest.c >&5
configure:13966: $? = 0
configure:13966: result: yes
configure:13975: checking for ldap.h
configure:13975: ibm-clang -c -DSYSV -D_AIX73 -D_ALL_SOURCE -DFUNCPROTO=15 -Wno-error=int-conversion -O2 -I/opt/freeware/include  -target powerpc-ibm-aix7.3.0.0  -I/opt/freeware/include  conftest.c >&5
configure:13975: $? = 0
configure:13975: result: yes
configure:13991: checking for ber_alloc_t in -llber
configure:14014: ibm-clang -o conftest -DSYSV -D_AIX73 -D_ALL_SOURCE -DFUNCPROTO=15 -Wno-error=int-conversion -O2 -I/opt/freeware/include  -target powerpc-ibm-aix7.3.0.0  -I/opt/freeware/include  -L/usr/lib -L/opt/freeware/lib -L/opt/freeware/lib conftest.c -llber  -lpthread -L/opt/freeware/lib >&5
configure:14014: $? = 0
configure:14024: result: yes
configure:14031: checking for sasl_client_init in -lsasl2
configure:14054: ibm-clang -o conftest -DSYSV -D_AIX73 -D_ALL_SOURCE -DFUNCPROTO=15 -Wno-error=int-conversion -O2 -I/opt/freeware/include  -target powerpc-ibm-aix7.3.0.0  -I/opt/freeware/include  -L/usr/lib -L/opt/freeware/lib -L/opt/freeware/lib conftest.c -lsasl2  -lpthread -L/opt/freeware/lib >&5
configure:14054: $? = 0
configure:14064: result: yes
configure:14071: checking for SSL_CTX_new in -lssl
configure:14094: ibm-clang -o conftest -DSYSV -D_AIX73 -D_ALL_SOURCE -DFUNCPROTO=15 -Wno-error=int-conversion -O2 -I/opt/freeware/include  -target powerpc-ibm-aix7.3.0.0  -I/opt/freeware/include  -L/usr/lib -L/opt/freeware/lib -L/opt/freeware/lib conftest.c -lssl  -lpthread -L/opt/freeware/lib >&5
configure:14094: $? = 0
configure:14104: result: yes
configure:14111: checking for EVP_EncryptInit in -lcrypto
configure:14134: ibm-clang -o conftest -DSYSV -D_AIX73 -D_ALL_SOURCE -DFUNCPROTO=15 -Wno-error=int-conversion -O2 -I/opt/freeware/include  -target powerpc-ibm-aix7.3.0.0  -I/opt/freeware/include  -L/usr/lib -L/opt/freeware/lib -L/opt/freeware/lib conftest.c -lcrypto  -lpthread -L/opt/freeware/lib >&5
configure:14134: $? = 0
configure:14144: result: yes
configure:14153: checking for ldap_initialize in -lldap
configure:14168: ibm-clang -o conftest -DSYSV -D_AIX73 -D_ALL_SOURCE -DFUNCPROTO=15 -Wno-error=int-conversion -O2 -I/opt/freeware/include  -target powerpc-ibm-aix7.3.0.0  -I/opt/freeware/include  -L/usr/lib -L/opt/freeware/lib -L/opt/freeware/lib conftest.c -lpthread -L/opt/freeware/lib -lldap  -llber -lsasl2 -lssl -lcrypto >&5
ld: 0711-317 ERROR: Undefined symbol: .ldap_initialize
ld: 0711-345 Use the -bloadmap or -bnoquiet option to obtain more information.
.ibm-clang: error: linker command failed with exit code 8 (use -v to see invocation)
configure:14168: $? = 8
configure: failed program was:
| /* confdefs.h */
| #define PACKAGE_NAME "pam_hbac"
| #define PACKAGE_TARNAME "pam_hbac"
| #define PACKAGE_VERSION "1.2"
| #define PACKAGE_STRING "pam_hbac 1.2"
| #define PACKAGE_BUGREPORT "jakub.hrozek@posteo.se"
| #define PACKAGE_URL ""
| #define PACKAGE "pam_hbac"
| #define VERSION "1.2"
| #define HAVE_STDIO_H 1
| #define HAVE_STDLIB_H 1
| #define HAVE_STRING_H 1
| #define HAVE_INTTYPES_H 1
| #define HAVE_STDINT_H 1
| #define HAVE_STRINGS_H 1
| #define HAVE_SYS_STAT_H 1
| #define HAVE_SYS_TYPES_H 1
| #define HAVE_UNISTD_H 1
| #define HAVE_WCHAR_H 1
| #define STDC_HEADERS 1
| #define _ALL_SOURCE 1
| #define _DARWIN_C_SOURCE 1
| #define _GNU_SOURCE 1
| #define _HPUX_ALT_XOPEN_SOCKET_API 1
| #define _NETBSD_SOURCE 1
| #define _OPENBSD_SOURCE 1
| #define _POSIX_PTHREAD_SEMANTICS 1
| #define __STDC_WANT_IEC_60559_ATTRIBS_EXT__ 1
| #define __STDC_WANT_IEC_60559_BFP_EXT__ 1
| #define __STDC_WANT_IEC_60559_DFP_EXT__ 1
| #define __STDC_WANT_IEC_60559_FUNCS_EXT__ 1
| #define __STDC_WANT_IEC_60559_TYPES_EXT__ 1
| #define __STDC_WANT_LIB_EXT2__ 1
| #define __STDC_WANT_MATH_SPEC_FUNCS__ 1
| #define _TANDEM_SOURCE 1
| #define __EXTENSIONS__ 1
| #define HAVE_DLFCN_H 1
| #define LT_OBJDIR ".libs/"
| #define HAVE__BOOL 1
| #define HAVE_STDBOOL_H 1
| #define HAVE_SSIZE_T 1
| #define HAVE_UNSIGNED_LONG_LONG_INT 1
| #define HAVE_LONG_LONG_INT 1
| #define HAVE_SNPRINTF 1
| #define HAVE_VSNPRINTF 1
| #define HAVE_STRNDUP 1
| #define HAVE_POSIX_GETPWNAM_R /**/
| #define HAVE_POSIX_GETGRGID_R /**/
| #define HAVE_GETGRSET 1
| #define HAVE_FUNCTION_ATTRIBUTE_FORMAT 1
| #define HAVE_THREAD_KEY_WORD 1
| #define HAVE_SECURITY_PAM_APPL_H 1
| #define HAVE_SECURITY_PAM_MODULES_H 1
| #define HAVE_PAM_GETITEM_CONST 1
| #define HAVE_PAM_SYSLOG 1
| #define HAVE_LBER_H 1
| #define HAVE_LDAP_H 1
| /* end confdefs.h.  */
| #include <ldap.h>
| int
| main (void)
| {
| ldap_initialize(0, 0);
|   ;
|   return 0;
| }
configure:14173: result: no
configure:14181: error: OpenLDAP 2.6.x libraries not found (requires ldap_initialize).
            Link test failed with: -lldap  -llber -lsasl2 -lssl -lcrypto
            Check config.log for details.

## ---------------- ##
## Cache variables. ##
## ---------------- ##

ac_cv_build=powerpc-ibm-aix7.3.3.0
ac_cv_c_compiler_gnu=yes
ac_cv_env_CC_set=set
ac_cv_env_CC_value=ibm-clang
ac_cv_env_CFLAGS_set=set
ac_cv_env_CFLAGS_value='-DSYSV -D_AIX73 -D_ALL_SOURCE -DFUNCPROTO=15 -Wno-error=int-conversion -O2 -I/opt/freeware/include  -target powerpc-ibm-aix7.3.0.0'
ac_cv_env_CMOCKA_CFLAGS_set=''
ac_cv_env_CMOCKA_CFLAGS_value=''
ac_cv_env_CMOCKA_LIBS_set=''
ac_cv_env_CMOCKA_LIBS_value=''
ac_cv_env_CPPFLAGS_set=''
ac_cv_env_CPPFLAGS_value=''
ac_cv_env_GLIB2_CFLAGS_set=''
ac_cv_env_GLIB2_CFLAGS_value=''
ac_cv_env_GLIB2_LIBS_set=''
ac_cv_env_GLIB2_LIBS_value=''
ac_cv_env_LDFLAGS_set=set
ac_cv_env_LDFLAGS_value='-L/usr/lib -L/opt/freeware/lib'
ac_cv_env_LIBS_set=set
ac_cv_env_LIBS_value=-lpthread
ac_cv_env_LT_SYS_LIBRARY_PATH_set=''
ac_cv_env_LT_SYS_LIBRARY_PATH_value=''
ac_cv_env_PKG_CONFIG_LIBDIR_set=''
ac_cv_env_PKG_CONFIG_LIBDIR_value=''
ac_cv_env_PKG_CONFIG_PATH_set=''
ac_cv_env_PKG_CONFIG_PATH_value=''
ac_cv_env_PKG_CONFIG_set=''
ac_cv_env_PKG_CONFIG_value=''
ac_cv_env_build_alias_set=''
ac_cv_env_build_alias_value=''
ac_cv_env_host_alias_set=''
ac_cv_env_host_alias_value=''
ac_cv_env_target_alias_set=''
ac_cv_env_target_alias_value=''
ac_cv_func__getgroupsbymember=no
ac_cv_func_asprintf=no
ac_cv_func_getgrouplist=no
ac_cv_func_getgrset=yes
ac_cv_func_pam_syslog=yes
ac_cv_func_pam_vsyslog=no
ac_cv_func_posix_getgrgid_r=yes
ac_cv_func_posix_getpwnam_r=yes
ac_cv_func_snprintf=yes
ac_cv_func_strndup=yes
ac_cv_func_vasprintf=no
ac_cv_func_vsnprintf=yes
ac_cv_func_vsyslog=no
ac_cv_header_dlfcn_h=yes
ac_cv_header_inttypes_h=yes
ac_cv_header_lber_h=yes
ac_cv_header_ldap_h=yes
ac_cv_header_minix_config_h=no
ac_cv_header_security__pam_macros_h=no
ac_cv_header_security_openpam_h=no
ac_cv_header_security_pam_appl_h=yes
ac_cv_header_security_pam_ext_h=no
ac_cv_header_security_pam_misc_h=no
ac_cv_header_security_pam_modules_h=yes
ac_cv_header_security_pam_modutil_h=no
ac_cv_header_stdbool_h=yes
ac_cv_header_stdint_h=yes
ac_cv_header_stdio_h=yes
ac_cv_header_stdlib_h=yes
ac_cv_header_string_h=yes
ac_cv_header_strings_h=yes
ac_cv_header_sys_stat_h=yes
ac_cv_header_sys_types_h=yes
ac_cv_header_unistd_h=yes
ac_cv_header_wchar_h=yes
ac_cv_host=powerpc-ibm-aix7.3.3.0
ac_cv_lib_crypto_EVP_EncryptInit=yes
ac_cv_lib_lber_ber_alloc_t=yes
ac_cv_lib_pam_misc_misc_conv=no
ac_cv_lib_pam_pam_get_item=yes
ac_cv_lib_sasl2_sasl_client_init=yes
ac_cv_lib_ssl_SSL_CTX_new=yes
ac_cv_objext=o
ac_cv_path_EGREP='/opt/freeware/bin/grep -E'
ac_cv_path_FGREP='/opt/freeware/bin/grep -F'
ac_cv_path_GREP=/opt/freeware/bin/grep
ac_cv_path_SED=/opt/freeware/bin/sed
ac_cv_path_install='/opt/freeware/bin/install -c'
ac_cv_path_lt_DD=/usr/bin/dd
ac_cv_path_mkdir=/opt/freeware/bin/mkdir
ac_cv_prog_AWK=nawk
ac_cv_prog_ac_ct_AR=ar
ac_cv_prog_ac_ct_CC=ibm-clang
ac_cv_prog_ac_ct_FILECMD=file
ac_cv_prog_ac_ct_MANIFEST_TOOL=mt
ac_cv_prog_ac_ct_RANLIB=ranlib
ac_cv_prog_ac_ct_STRIP=strip
ac_cv_prog_cc_c11=''
ac_cv_prog_cc_g=yes
ac_cv_prog_cc_stdc=''
ac_cv_prog_make_make_set=yes
ac_cv_safe_to_define___extensions__=yes
ac_cv_should_define__xopen_source=no
ac_cv_target=powerpc-ibm-aix7.3.3.0
ac_cv_type__Bool=yes
ac_cv_type_long_long_int=yes
ac_cv_type_ssize_t=yes
ac_cv_type_unsigned_long_long_int=yes
am_cv_CC_dependencies_compiler_type=gcc3
am_cv_ar_interface=ar
am_cv_make_support_nested_variables=yes
am_cv_prog_cc_c_o=yes
lt_cv_aix_libpath_=/usr/lib:/opt/freeware/lib:/opt/IBM/xlmass/10.1.1/lib:/usr/lib:/lib
lt_cv_ar_at_file=no
lt_cv_deplibs_check_method=pass_all
lt_cv_file_magic_cmd='$MAGIC_CMD'
lt_cv_file_magic_test_file=''
lt_cv_ld_reload_flag=-r
lt_cv_nm_interface='BSD nm'
lt_cv_objdir=.libs
lt_cv_path_LD=/usr/bin/ld
lt_cv_path_NM='/usr/bin/nm -B'
lt_cv_path_mainfest_tool=no
lt_cv_prog_compiler_c_o=yes
lt_cv_prog_compiler_pic='-fPIC -DPIC'
lt_cv_prog_compiler_pic_works=yes
lt_cv_prog_compiler_rtti_exceptions=yes
lt_cv_prog_compiler_static_works=no
lt_cv_prog_gnu_ld=no
lt_cv_sharedlib_from_linklib_cmd='print -r --'
lt_cv_sys_global_symbol_pipe='/opt/freeware/bin/sed -n -e '\''s/^.*[	 ]\([BCDT][BCDT]*\)[	 ][	 ]*\([_A-Za-z][_A-Za-z0-9]*\)$/\1 \2 \2/p'\'' | /opt/freeware/bin/sed '\''/ __gnu_lto/d'\'
lt_cv_sys_global_symbol_to_c_name_address='/opt/freeware/bin/sed -n -e '\''s/^: \(.*\) .*$/  {"\1", (void *) 0},/p'\'' -e '\''s/^[BCDT][BCDT]* .* \(.*\)$/  {"\1", (void *) \&\1},/p'\'
lt_cv_sys_global_symbol_to_c_name_address_lib_prefix='/opt/freeware/bin/sed -n -e '\''s/^: \(.*\) .*$/  {"\1", (void *) 0},/p'\'' -e '\''s/^[BCDT][BCDT]* .* \(lib.*\)$/  {"\1", (void *) \&\1},/p'\'' -e '\''s/^[BCDT][BCDT]* .* \(.*\)$/  {"lib\1", (void *) \&\1},/p'\'
lt_cv_sys_global_symbol_to_cdecl='/opt/freeware/bin/sed -n -e '\''s/^T .* \(.*\)$/extern int \1();/p'\'' -e '\''s/^[BCDT][BCDT]* .* \(.*\)$/extern char \1;/p'\'
lt_cv_sys_global_symbol_to_import=''
lt_cv_sys_max_cmd_len=786432
lt_cv_to_host_file_cmd=func_convert_file_noop
lt_cv_to_tool_file_cmd=func_convert_file_noop
lt_cv_truncate_bin='/usr/bin/dd bs=4096 count=1'
lt_cv_with_aix_soname=aix
ph_cv_attribute_format=yes
ph_cv_thread_kw=yes

## ----------------- ##
## Output variables. ##
## ----------------- ##

A2X=''
ACLOCAL='${SHELL} '\''/home/beef/pam_hbac/build/missing'\'' aclocal-1.16'
AMDEPBACKSLASH='\'
AMDEP_FALSE='#'
AMDEP_TRUE=''
AMTAR='$${TAR-tar}'
AM_BACKSLASH='\'
AM_DEFAULT_V='$(AM_DEFAULT_VERBOSITY)'
AM_DEFAULT_VERBOSITY='1'
AM_V='$(V)'
AR='ar'
AUTOCONF='${SHELL} '\''/home/beef/pam_hbac/build/missing'\'' autoconf'
AUTOHEADER='${SHELL} '\''/home/beef/pam_hbac/build/missing'\'' autoheader'
AUTOMAKE='${SHELL} '\''/home/beef/pam_hbac/build/missing'\'' automake-1.16'
AWK='nawk'
BUILD_MAN_PAGES_FALSE=''
BUILD_MAN_PAGES_TRUE=''
CC='ibm-clang'
CCDEPMODE='depmode=gcc3'
CFLAGS='-DSYSV -D_AIX73 -D_ALL_SOURCE -DFUNCPROTO=15 -Wno-error=int-conversion -O2 -I/opt/freeware/include  -target powerpc-ibm-aix7.3.0.0  -I/opt/freeware/include'
CMOCKA_CFLAGS=''
CMOCKA_LIBS=''
CPPFLAGS=''
CSCOPE='cscope'
CTAGS='ctags'
CYGPATH_W='echo'
DEFS=''
DEPDIR='.deps'
DLLTOOL='false'
DSYMUTIL=''
DUMPBIN=''
ECHO_C='\c'
ECHO_N=''
ECHO_T=''
EGREP='/opt/freeware/bin/grep -E'
ETAGS='etags'
EXEEXT=''
FGREP='/opt/freeware/bin/grep -F'
FILECMD='file'
GLIB2_CFLAGS=''
GLIB2_LIBS=''
GREP='/opt/freeware/bin/grep'
HAVE_CMOCKA_FALSE=''
HAVE_CMOCKA_TRUE=''
HAVE_GCC_FALSE='#'
HAVE_GCC_TRUE=''
HAVE_GNU_LD_FALSE=''
HAVE_GNU_LD_TRUE='#'
HAVE_MANPAGES_FALSE=''
HAVE_MANPAGES_TRUE=''
HAVE_NSS_WRAPPER=''
HAVE_NSS_WRAPPER_FALSE=''
HAVE_NSS_WRAPPER_TRUE=''
HAVE_PAM_WRAPPER=''
HAVE_PAM_WRAPPER_FALSE=''
HAVE_PAM_WRAPPER_TRUE=''
INSTALL_DATA='${INSTALL} -m 644'
INSTALL_PROGRAM='${INSTALL}'
INSTALL_SCRIPT='${INSTALL}'
INSTALL_STRIP_PROGRAM='$(install_sh) -c -s'
LD='/usr/bin/ld'
LDFLAGS='-L/usr/lib -L/opt/freeware/lib -L/opt/freeware/lib'
LIBOBJS=''
LIBS='-lpthread -L/opt/freeware/lib'
LIBTOOL='$(SHELL) $(top_builddir)/libtool'
LIPO=''
LN_S='ln -s'
LTLIBOBJS=''
LT_SYS_LIBRARY_PATH=''
MAKEINFO='${SHELL} '\''/home/beef/pam_hbac/build/missing'\'' makeinfo'
MANIFEST_TOOL=':'
MKDIR_P='/opt/freeware/bin/mkdir -p'
NEEDS_PORTABLE_FALSE='#'
NEEDS_PORTABLE_TRUE=''
NM='/usr/bin/nm -B'
NMEDIT=''
NSS_CFLAGS=''
OBJDUMP='false'
OBJEXT='o'
OPENLDAP_CFLAGS=' -I/opt/freeware/include'
OPENLDAP_LIBS='-L/opt/freeware/lib'
OTOOL64=''
OTOOL=''
PACKAGE='pam_hbac'
PACKAGE_BUGREPORT='jakub.hrozek@posteo.se'
PACKAGE_NAME='pam_hbac'
PACKAGE_STRING='pam_hbac 1.2'
PACKAGE_TARNAME='pam_hbac'
PACKAGE_URL=''
PACKAGE_VERSION='1.2'
PAM_MISC_LIBS=''
PATH_SEPARATOR=':'
PKG_CONFIG=''
PKG_CONFIG_LIBDIR=''
PKG_CONFIG_PATH=''
RANLIB='ranlib'
SED='/opt/freeware/bin/sed'
SET_MAKE=''
SHELL='/bin/sh'
STRIP='strip'
UNICODE_LIBS=''
VALGRIND=''
VALGRIND_CHECK_RULES=''
VALGRIND_ENABLED=''
VALGRIND_ENABLED_FALSE=''
VALGRIND_ENABLED_TRUE=''
VALGRIND_HAVE_TOOL_memcheck=''
VERSION='1.2'
WITH_GLIB_FALSE=''
WITH_GLIB_TRUE=''
WITH_LIBUNISTRING_FALSE=''
WITH_LIBUNISTRING_TRUE=''
ac_ct_AR='ar'
ac_ct_CC='ibm-clang'
ac_ct_DUMPBIN=''
am__EXEEXT_FALSE=''
am__EXEEXT_TRUE=''
am__fastdepCC_FALSE='#'
am__fastdepCC_TRUE=''
am__include='include'
am__isrc=''
am__leading_dot='.'
am__nodep='_no'
am__quote=''
am__tar='$${TAR-tar} chof - "$$tardir"'
am__untar='$${TAR-tar} xf -'
bindir='${exec_prefix}/bin'
build='powerpc-ibm-aix7.3.3.0'
build_alias=''
build_cpu='powerpc'
build_os='aix7.3.3.0'
build_vendor='ibm'
datadir='${datarootdir}'
datarootdir='${prefix}/share'
docdir='${datarootdir}/doc/${PACKAGE_TARNAME}'
dvidir='${docdir}'
exec_prefix='NONE'
host='powerpc-ibm-aix7.3.3.0'
host_alias=''
host_cpu='powerpc'
host_os='aix7.3.3.0'
host_vendor='ibm'
htmldir='${docdir}'
includedir='${prefix}/include'
infodir='${datarootdir}/info'
install_sh='${SHELL} /home/beef/pam_hbac/build/install-sh'
libdir='${exec_prefix}/lib'
libexecdir='${exec_prefix}/libexec'
localedir='${datarootdir}/locale'
localstatedir='${prefix}/var'
mandir='${datarootdir}/man'
mkdir_p='$(MKDIR_P)'
oldincludedir='/usr/include'
pammoddir=''
pdfdir='${docdir}'
prefix='NONE'
program_transform_name='s,x,x,'
psdir='${docdir}'
runstatedir='${localstatedir}/run'
sbindir='${exec_prefix}/sbin'
sharedstatedir='${prefix}/com'
sysconfdir='/etc/security/ldap'
target='powerpc-ibm-aix7.3.3.0'
target_alias=''
target_cpu='powerpc'
target_os='aix7.3.3.0'
target_vendor='ibm'

## ----------- ##
## confdefs.h. ##
## ----------- ##

/* confdefs.h */
#define PACKAGE_NAME "pam_hbac"
#define PACKAGE_TARNAME "pam_hbac"
#define PACKAGE_VERSION "1.2"
#define PACKAGE_STRING "pam_hbac 1.2"
#define PACKAGE_BUGREPORT "jakub.hrozek@posteo.se"
#define PACKAGE_URL ""
#define PACKAGE "pam_hbac"
#define VERSION "1.2"
#define HAVE_STDIO_H 1
#define HAVE_STDLIB_H 1
#define HAVE_STRING_H 1
#define HAVE_INTTYPES_H 1
#define HAVE_STDINT_H 1
#define HAVE_STRINGS_H 1
#define HAVE_SYS_STAT_H 1
#define HAVE_SYS_TYPES_H 1
#define HAVE_UNISTD_H 1
#define HAVE_WCHAR_H 1
#define STDC_HEADERS 1
#define _ALL_SOURCE 1
#define _DARWIN_C_SOURCE 1
#define _GNU_SOURCE 1
#define _HPUX_ALT_XOPEN_SOCKET_API 1
#define _NETBSD_SOURCE 1
#define _OPENBSD_SOURCE 1
#define _POSIX_PTHREAD_SEMANTICS 1
#define __STDC_WANT_IEC_60559_ATTRIBS_EXT__ 1
#define __STDC_WANT_IEC_60559_BFP_EXT__ 1
#define __STDC_WANT_IEC_60559_DFP_EXT__ 1
#define __STDC_WANT_IEC_60559_FUNCS_EXT__ 1
#define __STDC_WANT_IEC_60559_TYPES_EXT__ 1
#define __STDC_WANT_LIB_EXT2__ 1
#define __STDC_WANT_MATH_SPEC_FUNCS__ 1
#define _TANDEM_SOURCE 1
#define __EXTENSIONS__ 1
#define HAVE_DLFCN_H 1
#define LT_OBJDIR ".libs/"
#define HAVE__BOOL 1
#define HAVE_STDBOOL_H 1
#define HAVE_SSIZE_T 1
#define HAVE_UNSIGNED_LONG_LONG_INT 1
#define HAVE_LONG_LONG_INT 1
#define HAVE_SNPRINTF 1
#define HAVE_VSNPRINTF 1
#define HAVE_STRNDUP 1
#define HAVE_POSIX_GETPWNAM_R /**/
#define HAVE_POSIX_GETGRGID_R /**/
#define HAVE_GETGRSET 1
#define HAVE_FUNCTION_ATTRIBUTE_FORMAT 1
#define HAVE_THREAD_KEY_WORD 1
#define HAVE_SECURITY_PAM_APPL_H 1
#define HAVE_SECURITY_PAM_MODULES_H 1
#define HAVE_PAM_GETITEM_CONST 1
#define HAVE_PAM_SYSLOG 1
#define HAVE_LBER_H 1
#define HAVE_LDAP_H 1

configure: exit 1
